307
PAINT_LINE 0 8 0 8
PAINT_LINE 0 9 0 9
PAINT_LINE 0 10 0 10
PAINT_LINE 0 11 0 11
PAINT_LINE 0 12 0 12
PAINT_LINE 1 4 1 4
PAINT_LINE 1 5 1 5
PAINT_LINE 1 6 1 6
PAINT_LINE 1 7 1 7
PAINT_LINE 1 8 1 8
PAINT_LINE 1 9 1 9
PAINT_LINE 1 10 1 10
PAINT_LINE 1 11 1 11
PAINT_LINE 1 12 1 12
PAINT_LINE 1 13 1 13
PAINT_LINE 1 14 1 14
PAINT_LINE 1 15 1 15
PAINT_LINE 1 64 1 64
PAINT_LINE 1 65 1 65
PAINT_LINE 1 66 1 66
PAINT_LINE 2 2 2 2
PAINT_LINE 2 3 2 3
PAINT_LINE 2 4 2 4
PAINT_LINE 2 5 2 5
PAINT_LINE 2 14 2 14
PAINT_LINE 2 15 2 15
PAINT_LINE 2 64 2 64
PAINT_LINE 2 65 2 65
PAINT_LINE 2 66 2 66
PAINT_LINE 3 1 3 1
PAINT_LINE 3 2 3 2
PAINT_LINE 3 3 3 3
PAINT_LINE 3 64 3 64
PAINT_LINE 3 65 3 65
PAINT_LINE 3 66 3 66
PAINT_LINE 4 0 4 0
PAINT_LINE 4 1 4 1
PAINT_LINE 4 2 4 2
PAINT_LINE 4 3 4 3
PAINT_LINE 4 24 4 24
PAINT_LINE 4 25 4 25
PAINT_LINE 4 26 4 26
PAINT_LINE 4 27 4 27
PAINT_LINE 4 28 4 28
PAINT_LINE 4 29 4 29
PAINT_LINE 4 30 4 30
PAINT_LINE 4 38 4 38
PAINT_LINE 4 39 4 39
PAINT_LINE 4 40 4 40
PAINT_LINE 4 41 4 41
PAINT_LINE 4 42 4 42
PAINT_LINE 4 43 4 43
PAINT_LINE 4 44 4 44
PAINT_LINE 4 52 4 52
PAINT_LINE 4 53 4 53
PAINT_LINE 4 54 4 54
PAINT_LINE 4 55 4 55
PAINT_LINE 4 56 4 56
PAINT_LINE 4 57 4 57
PAINT_LINE 4 58 4 58
PAINT_LINE 4 59 4 59
PAINT_LINE 4 60 4 60
PAINT_LINE 4 61 4 61
PAINT_LINE 4 64 4 64
PAINT_LINE 4 65 4 65
PAINT_LINE 4 66 4 66
PAINT_LINE 4 71 4 71
PAINT_LINE 4 72 4 72
PAINT_LINE 4 73 4 73
PAINT_LINE 4 74 4 74
PAINT_LINE 4 75 4 75
PAINT_LINE 4 76 4 76
PAINT_LINE 5 0 5 0
PAINT_LINE 5 1 5 1
PAINT_LINE 5 2 5 2
PAINT_LINE 5 10 5 10
PAINT_LINE 5 11 5 11
PAINT_LINE 5 12 5 12
PAINT_LINE 5 13 5 13
PAINT_LINE 5 14 5 14
PAINT_LINE 5 15 5 15
PAINT_LINE 5 16 5 16
PAINT_LINE 5 17 5 17
PAINT_LINE 5 18 5 18
PAINT_LINE 5 19 5 19
PAINT_LINE 5 22 5 22
PAINT_LINE 5 23 5 23
PAINT_LINE 5 24 5 24
PAINT_LINE 5 25 5 25
PAINT_LINE 5 29 5 29
PAINT_LINE 5 30 5 30
PAINT_LINE 5 31 5 31
PAINT_LINE 5 32 5 32
PAINT_LINE 5 36 5 36
PAINT_LINE 5 37 5 37
PAINT_LINE 5 38 5 38
PAINT_LINE 5 39 5 39
PAINT_LINE 5 43 5 43
PAINT_LINE 5 44 5 44
PAINT_LINE 5 45 5 45
PAINT_LINE 5 46 5 46
PAINT_LINE 5 51 5 51
PAINT_LINE 5 52 5 52
PAINT_LINE 5 53 5 53
PAINT_LINE 5 54 5 54
PAINT_LINE 5 57 5 57
PAINT_LINE 5 58 5 58
PAINT_LINE 5 59 5 59
PAINT_LINE 5 60 5 60
PAINT_LINE 5 61 5 61
PAINT_LINE 5 64 5 64
PAINT_LINE 5 65 5 65
PAINT_LINE 5 66 5 66
PAINT_LINE 5 69 5 69
PAINT_LINE 5 70 5 70
PAINT_LINE 5 71 5 71
PAINT_LINE 5 72 5 72
PAINT_LINE 5 75 5 75
PAINT_LINE 5 76 5 76
PAINT_LINE 5 77 5 77
PAINT_LINE 5 78 5 78
PAINT_LINE 6 0 6 0
PAINT_LINE 6 1 6 1
PAINT_LINE 6 2 6 2
PAINT_LINE 6 16 6 16
PAINT_LINE 6 17 6 17
PAINT_LINE 6 18 6 18
PAINT_LINE 6 19 6 19
PAINT_LINE 6 21 6 21
PAINT_LINE 6 22 6 22
PAINT_LINE 6 23 6 23
PAINT_LINE 6 30 6 30
PAINT_LINE 6 31 6 31
PAINT_LINE 6 32 6 32
PAINT_LINE 6 33 6 33
PAINT_LINE 6 35 6 35
PAINT_LINE 6 36 6 36
PAINT_LINE 6 37 6 37
PAINT_LINE 6 38 6 38
PAINT_LINE 6 45 6 45
PAINT_LINE 6 46 6 46
PAINT_LINE 6 47 6 47
PAINT_LINE 6 50 6 50
PAINT_LINE 6 51 6 51
PAINT_LINE 6 52 6 52
PAINT_LINE 6 59 6 59
PAINT_LINE 6 60 6 60
PAINT_LINE 6 61 6 61
PAINT_LINE 6 64 6 64
PAINT_LINE 6 65 6 65
PAINT_LINE 6 66 6 66
PAINT_LINE 6 68 6 68
PAINT_LINE 6 69 6 69
PAINT_LINE 6 70 6 70
PAINT_LINE 6 74 6 74
PAINT_LINE 6 75 6 75
PAINT_LINE 6 76 6 76
PAINT_LINE 6 77 6 77
PAINT_LINE 6 78 6 78
PAINT_LINE 6 79 6 79
PAINT_LINE 7 1 7 1
PAINT_LINE 7 2 7 2
PAINT_LINE 7 3 7 3
PAINT_LINE 7 16 7 16
PAINT_LINE 7 17 7 17
PAINT_LINE 7 18 7 18
PAINT_LINE 7 21 7 21
PAINT_LINE 7 22 7 22
PAINT_LINE 7 23 7 23
PAINT_LINE 7 31 7 31
PAINT_LINE 7 32 7 32
PAINT_LINE 7 33 7 33
PAINT_LINE 7 35 7 35
PAINT_LINE 7 36 7 36
PAINT_LINE 7 37 7 37
PAINT_LINE 7 45 7 45
PAINT_LINE 7 46 7 46
PAINT_LINE 7 47 7 47
PAINT_LINE 7 50 7 50
PAINT_LINE 7 51 7 51
PAINT_LINE 7 59 7 59
PAINT_LINE 7 60 7 60
PAINT_LINE 7 61 7 61
PAINT_LINE 7 64 7 64
PAINT_LINE 7 65 7 65
PAINT_LINE 7 66 7 66
PAINT_LINE 7 68 7 68
PAINT_LINE 7 69 7 69
PAINT_LINE 7 70 7 70
PAINT_LINE 7 71 7 71
PAINT_LINE 7 72 7 72
PAINT_LINE 7 73 7 73
PAINT_LINE 7 74 7 74
PAINT_LINE 8 2 8 2
PAINT_LINE 8 3 8 3
PAINT_LINE 8 4 8 4
PAINT_LINE 8 5 8 5
PAINT_LINE 8 14 8 14
PAINT_LINE 8 15 8 15
PAINT_LINE 8 16 8 16
PAINT_LINE 8 17 8 17
PAINT_LINE 8 21 8 21
PAINT_LINE 8 22 8 22
PAINT_LINE 8 23 8 23
PAINT_LINE 8 24 8 24
PAINT_LINE 8 30 8 30
PAINT_LINE 8 31 8 31
PAINT_LINE 8 32 8 32
PAINT_LINE 8 36 8 36
PAINT_LINE 8 37 8 37
PAINT_LINE 8 38 8 38
PAINT_LINE 8 44 8 44
PAINT_LINE 8 45 8 45
PAINT_LINE 8 46 8 46
PAINT_LINE 8 47 8 47
PAINT_LINE 8 50 8 50
PAINT_LINE 8 51 8 51
PAINT_LINE 8 52 8 52
PAINT_LINE 8 59 8 59
PAINT_LINE 8 60 8 60
PAINT_LINE 8 61 8 61
PAINT_LINE 8 64 8 64
PAINT_LINE 8 65 8 65
PAINT_LINE 8 66 8 66
PAINT_LINE 8 68 8 68
PAINT_LINE 8 69 8 69
PAINT_LINE 8 70 8 70
PAINT_LINE 8 71 8 71
PAINT_LINE 8 77 8 77
PAINT_LINE 9 4 9 4
PAINT_LINE 9 5 9 5
PAINT_LINE 9 6 9 6
PAINT_LINE 9 7 9 7
PAINT_LINE 9 8 9 8
PAINT_LINE 9 9 9 9
PAINT_LINE 9 10 9 10
PAINT_LINE 9 11 9 11
PAINT_LINE 9 12 9 12
PAINT_LINE 9 13 9 13
PAINT_LINE 9 14 9 14
PAINT_LINE 9 15 9 15
PAINT_LINE 9 16 9 16
PAINT_LINE 9 22 9 22
PAINT_LINE 9 23 9 23
PAINT_LINE 9 24 9 24
PAINT_LINE 9 25 9 25
PAINT_LINE 9 26 9 26
PAINT_LINE 9 27 9 27
PAINT_LINE 9 28 9 28
PAINT_LINE 9 29 9 29
PAINT_LINE 9 30 9 30
PAINT_LINE 9 31 9 31
PAINT_LINE 9 37 9 37
PAINT_LINE 9 38 9 38
PAINT_LINE 9 39 9 39
PAINT_LINE 9 40 9 40
PAINT_LINE 9 41 9 41
PAINT_LINE 9 42 9 42
PAINT_LINE 9 43 9 43
PAINT_LINE 9 44 9 44
PAINT_LINE 9 45 9 45
PAINT_LINE 9 46 9 46
PAINT_LINE 9 51 9 51
PAINT_LINE 9 52 9 52
PAINT_LINE 9 53 9 53
PAINT_LINE 9 54 9 54
PAINT_LINE 9 55 9 55
PAINT_LINE 9 56 9 56
PAINT_LINE 9 57 9 57
PAINT_LINE 9 58 9 58
PAINT_LINE 9 59 9 59
PAINT_LINE 9 60 9 60
PAINT_LINE 9 61 9 61
PAINT_LINE 9 64 9 64
PAINT_LINE 9 65 9 65
PAINT_LINE 9 66 9 66
PAINT_LINE 9 70 9 70
PAINT_LINE 9 71 9 71
PAINT_LINE 9 72 9 72
PAINT_LINE 9 73 9 73
PAINT_LINE 9 74 9 74
PAINT_LINE 9 75 9 75
PAINT_LINE 9 76 9 76
PAINT_LINE 9 77 9 77
PAINT_LINE 9 78 9 78
PAINT_LINE 10 59 10 59
PAINT_LINE 10 60 10 60
PAINT_LINE 10 61 10 61
PAINT_LINE 11 50 11 50
PAINT_LINE 11 51 11 51
PAINT_LINE 11 52 11 52
PAINT_LINE 11 58 11 58
PAINT_LINE 11 59 11 59
PAINT_LINE 11 60 11 60
PAINT_LINE 11 61 11 61
PAINT_LINE 12 51 12 51
PAINT_LINE 12 52 12 52
PAINT_LINE 12 53 12 53
PAINT_LINE 12 54 12 54
PAINT_LINE 12 55 12 55
PAINT_LINE 12 56 12 56
PAINT_LINE 12 57 12 57
PAINT_LINE 12 58 12 58
PAINT_LINE 12 59 12 59
PAINT_LINE 13 54 13 54
PAINT_LINE 13 55 13 55
PAINT_LINE 13 56 13 56