2592
PAINT_LINE 5 13 5 13
PAINT_LINE 5 14 5 14
PAINT_LINE 5 15 5 15
PAINT_LINE 5 16 5 16
PAINT_LINE 5 156 5 156
PAINT_LINE 5 157 5 157
PAINT_LINE 5 158 5 158
PAINT_LINE 5 159 5 159
PAINT_LINE 5 160 5 160
PAINT_LINE 5 161 5 161
PAINT_LINE 5 162 5 162
PAINT_LINE 5 163 5 163
PAINT_LINE 5 164 5 164
PAINT_LINE 5 165 5 165
PAINT_LINE 5 166 5 166
PAINT_LINE 5 187 5 187
PAINT_LINE 5 188 5 188
PAINT_LINE 5 189 5 189
PAINT_LINE 5 190 5 190
PAINT_LINE 5 191 5 191
PAINT_LINE 5 192 5 192
PAINT_LINE 5 193 5 193
PAINT_LINE 5 194 5 194
PAINT_LINE 6 13 6 13
PAINT_LINE 6 14 6 14
PAINT_LINE 6 15 6 15
PAINT_LINE 6 16 6 16
PAINT_LINE 6 156 6 156
PAINT_LINE 6 157 6 157
PAINT_LINE 6 158 6 158
PAINT_LINE 6 159 6 159
PAINT_LINE 6 160 6 160
PAINT_LINE 6 161 6 161
PAINT_LINE 6 162 6 162
PAINT_LINE 6 163 6 163
PAINT_LINE 6 164 6 164
PAINT_LINE 6 165 6 165
PAINT_LINE 6 166 6 166
PAINT_LINE 6 187 6 187
PAINT_LINE 6 188 6 188
PAINT_LINE 6 189 6 189
PAINT_LINE 6 190 6 190
PAINT_LINE 6 191 6 191
PAINT_LINE 6 192 6 192
PAINT_LINE 6 193 6 193
PAINT_LINE 6 194 6 194
PAINT_LINE 7 13 7 13
PAINT_LINE 7 14 7 14
PAINT_LINE 7 15 7 15
PAINT_LINE 7 16 7 16
PAINT_LINE 7 76 7 76
PAINT_LINE 7 77 7 77
PAINT_LINE 7 78 7 78
PAINT_LINE 7 79 7 79
PAINT_LINE 7 80 7 80
PAINT_LINE 7 81 7 81
PAINT_LINE 7 82 7 82
PAINT_LINE 7 156 7 156
PAINT_LINE 7 157 7 157
PAINT_LINE 7 158 7 158
PAINT_LINE 7 159 7 159
PAINT_LINE 7 160 7 160
PAINT_LINE 7 161 7 161
PAINT_LINE 7 162 7 162
PAINT_LINE 7 163 7 163
PAINT_LINE 7 164 7 164
PAINT_LINE 7 165 7 165
PAINT_LINE 7 166 7 166
PAINT_LINE 7 183 7 183
PAINT_LINE 7 184 7 184
PAINT_LINE 7 185 7 185
PAINT_LINE 7 186 7 186
PAINT_LINE 7 187 7 187
PAINT_LINE 7 188 7 188
PAINT_LINE 7 189 7 189
PAINT_LINE 7 190 7 190
PAINT_LINE 7 191 7 191
PAINT_LINE 7 192 7 192
PAINT_LINE 7 193 7 193
PAINT_LINE 7 194 7 194
PAINT_LINE 8 13 8 13
PAINT_LINE 8 14 8 14
PAINT_LINE 8 15 8 15
PAINT_LINE 8 16 8 16
PAINT_LINE 8 75 8 75
PAINT_LINE 8 76 8 76
PAINT_LINE 8 77 8 77
PAINT_LINE 8 78 8 78
PAINT_LINE 8 79 8 79
PAINT_LINE 8 80 8 80
PAINT_LINE 8 81 8 81
PAINT_LINE 8 82 8 82
PAINT_LINE 8 83 8 83
PAINT_LINE 8 156 8 156
PAINT_LINE 8 157 8 157
PAINT_LINE 8 158 8 158
PAINT_LINE 8 159 8 159
PAINT_LINE 8 160 8 160
PAINT_LINE 8 161 8 161
PAINT_LINE 8 162 8 162
PAINT_LINE 8 163 8 163
PAINT_LINE 8 164 8 164
PAINT_LINE 8 165 8 165
PAINT_LINE 8 166 8 166
PAINT_LINE 8 183 8 183
PAINT_LINE 8 184 8 184
PAINT_LINE 8 185 8 185
PAINT_LINE 8 186 8 186
PAINT_LINE 9 5 9 5
PAINT_LINE 9 6 9 6
PAINT_LINE 9 7 9 7
PAINT_LINE 9 8 9 8
PAINT_LINE 9 16 9 16
PAINT_LINE 9 17 9 17
PAINT_LINE 9 18 9 18
PAINT_LINE 9 19 9 19
PAINT_LINE 9 20 9 20
PAINT_LINE 9 21 9 21
PAINT_LINE 9 22 9 22
PAINT_LINE 9 23 9 23
PAINT_LINE 9 24 9 24
PAINT_LINE 9 25 9 25
PAINT_LINE 9 26 9 26
PAINT_LINE 9 27 9 27
PAINT_LINE 9 28 9 28
PAINT_LINE 9 29 9 29
PAINT_LINE 9 30 9 30
PAINT_LINE 9 31 9 31
PAINT_LINE 9 32 9 32
PAINT_LINE 9 33 9 33
PAINT_LINE 9 34 9 34
PAINT_LINE 9 35 9 35
PAINT_LINE 9 36 9 36
PAINT_LINE 9 37 9 37
PAINT_LINE 9 38 9 38
PAINT_LINE 9 39 9 39
PAINT_LINE 9 40 9 40
PAINT_LINE 9 41 9 41
PAINT_LINE 9 42 9 42
PAINT_LINE 9 43 9 43
PAINT_LINE 9 44 9 44
PAINT_LINE 9 45 9 45
PAINT_LINE 9 46 9 46
PAINT_LINE 9 47 9 47
PAINT_LINE 9 48 9 48
PAINT_LINE 9 49 9 49
PAINT_LINE 9 50 9 50
PAINT_LINE 9 51 9 51
PAINT_LINE 9 52 9 52
PAINT_LINE 9 53 9 53
PAINT_LINE 9 54 9 54
PAINT_LINE 9 55 9 55
PAINT_LINE 9 56 9 56
PAINT_LINE 9 57 9 57
PAINT_LINE 9 117 9 117
PAINT_LINE 9 118 9 118
PAINT_LINE 9 119 9 119
PAINT_LINE 9 120 9 120
PAINT_LINE 9 121 9 121
PAINT_LINE 9 122 9 122
PAINT_LINE 9 123 9 123
PAINT_LINE 9 124 9 124
PAINT_LINE 9 125 9 125
PAINT_LINE 9 126 9 126
PAINT_LINE 9 127 9 127
PAINT_LINE 9 128 9 128
PAINT_LINE 9 129 9 129
PAINT_LINE 9 130 9 130
PAINT_LINE 9 131 9 131
PAINT_LINE 9 132 9 132
PAINT_LINE 9 133 9 133
PAINT_LINE 9 134 9 134
PAINT_LINE 9 135 9 135
PAINT_LINE 9 136 9 136
PAINT_LINE 9 137 9 137
PAINT_LINE 9 138 9 138
PAINT_LINE 9 139 9 139
PAINT_LINE 9 140 9 140
PAINT_LINE 9 141 9 141
PAINT_LINE 9 142 9 142
PAINT_LINE 9 143 9 143
PAINT_LINE 9 144 9 144
PAINT_LINE 9 145 9 145
PAINT_LINE 9 146 9 146
PAINT_LINE 9 147 9 147
PAINT_LINE 9 148 9 148
PAINT_LINE 9 149 9 149
PAINT_LINE 9 156 9 156
PAINT_LINE 9 157 9 157
PAINT_LINE 9 158 9 158
PAINT_LINE 9 159 9 159
PAINT_LINE 9 160 9 160
PAINT_LINE 9 161 9 161
PAINT_LINE 9 162 9 162
PAINT_LINE 9 163 9 163
PAINT_LINE 9 164 9 164
PAINT_LINE 9 165 9 165
PAINT_LINE 9 166 9 166
PAINT_LINE 10 5 10 5
PAINT_LINE 10 6 10 6
PAINT_LINE 10 7 10 7
PAINT_LINE 10 8 10 8
PAINT_LINE 10 17 10 17
PAINT_LINE 10 18 10 18
PAINT_LINE 10 19 10 19
PAINT_LINE 10 20 10 20
PAINT_LINE 10 21 10 21
PAINT_LINE 10 22 10 22
PAINT_LINE 10 23 10 23
PAINT_LINE 10 24 10 24
PAINT_LINE 10 25 10 25
PAINT_LINE 10 26 10 26
PAINT_LINE 10 27 10 27
PAINT_LINE 10 28 10 28
PAINT_LINE 10 29 10 29
PAINT_LINE 10 30 10 30
PAINT_LINE 10 31 10 31
PAINT_LINE 10 32 10 32
PAINT_LINE 10 33 10 33
PAINT_LINE 10 34 10 34
PAINT_LINE 10 35 10 35
PAINT_LINE 10 36 10 36
PAINT_LINE 10 37 10 37
PAINT_LINE 10 38 10 38
PAINT_LINE 10 39 10 39
PAINT_LINE 10 40 10 40
PAINT_LINE 10 41 10 41
PAINT_LINE 10 42 10 42
PAINT_LINE 10 43 10 43
PAINT_LINE 10 44 10 44
PAINT_LINE 10 45 10 45
PAINT_LINE 10 46 10 46
PAINT_LINE 10 47 10 47
PAINT_LINE 10 48 10 48
PAINT_LINE 10 49 10 49
PAINT_LINE 10 50 10 50
PAINT_LINE 10 51 10 51
PAINT_LINE 10 52 10 52
PAINT_LINE 10 53 10 53
PAINT_LINE 10 54 10 54
PAINT_LINE 10 55 10 55
PAINT_LINE 10 56 10 56
PAINT_LINE 10 57 10 57
PAINT_LINE 10 58 10 58
PAINT_LINE 10 117 10 117
PAINT_LINE 10 118 10 118
PAINT_LINE 10 119 10 119
PAINT_LINE 10 120 10 120
PAINT_LINE 10 121 10 121
PAINT_LINE 10 122 10 122
PAINT_LINE 10 123 10 123
PAINT_LINE 10 124 10 124
PAINT_LINE 10 125 10 125
PAINT_LINE 10 126 10 126
PAINT_LINE 10 127 10 127
PAINT_LINE 10 128 10 128
PAINT_LINE 10 129 10 129
PAINT_LINE 10 130 10 130
PAINT_LINE 10 131 10 131
PAINT_LINE 10 132 10 132
PAINT_LINE 10 133 10 133
PAINT_LINE 10 134 10 134
PAINT_LINE 10 135 10 135
PAINT_LINE 10 136 10 136
PAINT_LINE 10 137 10 137
PAINT_LINE 10 138 10 138
PAINT_LINE 10 139 10 139
PAINT_LINE 10 140 10 140
PAINT_LINE 10 141 10 141
PAINT_LINE 10 142 10 142
PAINT_LINE 10 143 10 143
PAINT_LINE 10 144 10 144
PAINT_LINE 10 145 10 145
PAINT_LINE 10 146 10 146
PAINT_LINE 10 147 10 147
PAINT_LINE 10 148 10 148
PAINT_LINE 10 149 10 149
PAINT_LINE 10 156 10 156
PAINT_LINE 10 157 10 157
PAINT_LINE 10 158 10 158
PAINT_LINE 10 159 10 159
PAINT_LINE 10 160 10 160
PAINT_LINE 10 161 10 161
PAINT_LINE 10 162 10 162
PAINT_LINE 10 163 10 163
PAINT_LINE 10 164 10 164
PAINT_LINE 10 165 10 165
PAINT_LINE 10 166 10 166
PAINT_LINE 11 5 11 5
PAINT_LINE 11 6 11 6
PAINT_LINE 11 7 11 7
PAINT_LINE 11 8 11 8
PAINT_LINE 11 9 11 9
PAINT_LINE 11 10 11 10
PAINT_LINE 11 11 11 11
PAINT_LINE 11 12 11 12
PAINT_LINE 11 13 11 13
PAINT_LINE 11 14 11 14
PAINT_LINE 11 15 11 15
PAINT_LINE 11 16 11 16
PAINT_LINE 11 17 11 17
PAINT_LINE 11 18 11 18
PAINT_LINE 11 19 11 19
PAINT_LINE 11 20 11 20
PAINT_LINE 11 21 11 21
PAINT_LINE 11 22 11 22
PAINT_LINE 11 23 11 23
PAINT_LINE 11 24 11 24
PAINT_LINE 11 25 11 25
PAINT_LINE 11 26 11 26
PAINT_LINE 11 27 11 27
PAINT_LINE 11 28 11 28
PAINT_LINE 11 29 11 29
PAINT_LINE 11 30 11 30
PAINT_LINE 11 31 11 31
PAINT_LINE 11 32 11 32
PAINT_LINE 11 33 11 33
PAINT_LINE 11 34 11 34
PAINT_LINE 11 35 11 35
PAINT_LINE 11 36 11 36
PAINT_LINE 11 37 11 37
PAINT_LINE 11 38 11 38
PAINT_LINE 11 39 11 39
PAINT_LINE 11 40 11 40
PAINT_LINE 11 41 11 41
PAINT_LINE 11 42 11 42
PAINT_LINE 11 43 11 43
PAINT_LINE 11 44 11 44
PAINT_LINE 11 45 11 45
PAINT_LINE 11 46 11 46
PAINT_LINE 11 47 11 47
PAINT_LINE 11 48 11 48
PAINT_LINE 11 49 11 49
PAINT_LINE 11 50 11 50
PAINT_LINE 11 51 11 51
PAINT_LINE 11 52 11 52
PAINT_LINE 11 53 11 53
PAINT_LINE 11 54 11 54
PAINT_LINE 11 55 11 55
PAINT_LINE 11 56 11 56
PAINT_LINE 11 57 11 57
PAINT_LINE 11 58 11 58
PAINT_LINE 11 92 11 92
PAINT_LINE 11 93 11 93
PAINT_LINE 11 94 11 94
PAINT_LINE 11 117 11 117
PAINT_LINE 11 118 11 118
PAINT_LINE 11 119 11 119
PAINT_LINE 11 120 11 120
PAINT_LINE 11 121 11 121
PAINT_LINE 11 122 11 122
PAINT_LINE 11 123 11 123
PAINT_LINE 11 124 11 124
PAINT_LINE 11 125 11 125
PAINT_LINE 11 126 11 126
PAINT_LINE 11 127 11 127
PAINT_LINE 11 128 11 128
PAINT_LINE 11 129 11 129
PAINT_LINE 11 130 11 130
PAINT_LINE 11 131 11 131
PAINT_LINE 11 132 11 132
PAINT_LINE 11 133 11 133
PAINT_LINE 11 134 11 134
PAINT_LINE 11 135 11 135
PAINT_LINE 11 136 11 136
PAINT_LINE 11 137 11 137
PAINT_LINE 11 138 11 138
PAINT_LINE 11 139 11 139
PAINT_LINE 11 140 11 140
PAINT_LINE 11 141 11 141
PAINT_LINE 11 142 11 142
PAINT_LINE 11 143 11 143
PAINT_LINE 11 144 11 144
PAINT_LINE 11 145 11 145
PAINT_LINE 11 146 11 146
PAINT_LINE 11 147 11 147
PAINT_LINE 11 148 11 148
PAINT_LINE 11 149 11 149
PAINT_LINE 11 156 11 156
PAINT_LINE 11 157 11 157
PAINT_LINE 11 158 11 158
PAINT_LINE 11 159 11 159
PAINT_LINE 11 160 11 160
PAINT_LINE 11 161 11 161
PAINT_LINE 11 162 11 162
PAINT_LINE 11 163 11 163
PAINT_LINE 11 164 11 164
PAINT_LINE 11 165 11 165
PAINT_LINE 11 166 11 166
PAINT_LINE 12 9 12 9
PAINT_LINE 12 10 12 10
PAINT_LINE 12 11 12 11
PAINT_LINE 12 12 12 12
PAINT_LINE 12 13 12 13
PAINT_LINE 12 14 12 14
PAINT_LINE 12 15 12 15
PAINT_LINE 12 16 12 16
PAINT_LINE 12 21 12 21
PAINT_LINE 12 22 12 22
PAINT_LINE 12 23 12 23
PAINT_LINE 12 24 12 24
PAINT_LINE 12 25 12 25
PAINT_LINE 12 26 12 26
PAINT_LINE 12 27 12 27
PAINT_LINE 12 28 12 28
PAINT_LINE 12 29 12 29
PAINT_LINE 12 30 12 30
PAINT_LINE 12 31 12 31
PAINT_LINE 12 32 12 32
PAINT_LINE 12 33 12 33
PAINT_LINE 12 34 12 34
PAINT_LINE 12 35 12 35
PAINT_LINE 12 36 12 36
PAINT_LINE 12 37 12 37
PAINT_LINE 12 38 12 38
PAINT_LINE 12 39 12 39
PAINT_LINE 12 40 12 40
PAINT_LINE 12 41 12 41
PAINT_LINE 12 42 12 42
PAINT_LINE 12 43 12 43
PAINT_LINE 12 44 12 44
PAINT_LINE 12 45 12 45
PAINT_LINE 12 46 12 46
PAINT_LINE 12 47 12 47
PAINT_LINE 12 48 12 48
PAINT_LINE 12 49 12 49
PAINT_LINE 12 50 12 50
PAINT_LINE 12 51 12 51
PAINT_LINE 12 52 12 52
PAINT_LINE 12 53 12 53
PAINT_LINE 12 54 12 54
PAINT_LINE 12 55 12 55
PAINT_LINE 12 56 12 56
PAINT_LINE 12 57 12 57
PAINT_LINE 12 58 12 58
PAINT_LINE 12 91 12 91
PAINT_LINE 12 92 12 92
PAINT_LINE 12 93 12 93
PAINT_LINE 12 94 12 94
PAINT_LINE 12 95 12 95
PAINT_LINE 12 117 12 117
PAINT_LINE 12 118 12 118
PAINT_LINE 12 119 12 119
PAINT_LINE 12 120 12 120
PAINT_LINE 12 121 12 121
PAINT_LINE 12 122 12 122
PAINT_LINE 12 123 12 123
PAINT_LINE 12 124 12 124
PAINT_LINE 12 125 12 125
PAINT_LINE 12 126 12 126
PAINT_LINE 12 127 12 127
PAINT_LINE 12 128 12 128
PAINT_LINE 12 129 12 129
PAINT_LINE 12 130 12 130
PAINT_LINE 12 131 12 131
PAINT_LINE 12 132 12 132
PAINT_LINE 12 133 12 133
PAINT_LINE 12 134 12 134
PAINT_LINE 12 135 12 135
PAINT_LINE 12 136 12 136
PAINT_LINE 12 137 12 137
PAINT_LINE 12 138 12 138
PAINT_LINE 12 139 12 139
PAINT_LINE 12 140 12 140
PAINT_LINE 12 141 12 141
PAINT_LINE 12 142 12 142
PAINT_LINE 12 143 12 143
PAINT_LINE 12 144 12 144
PAINT_LINE 12 145 12 145
PAINT_LINE 12 146 12 146
PAINT_LINE 12 147 12 147
PAINT_LINE 12 148 12 148
PAINT_LINE 12 149 12 149
PAINT_LINE 12 156 12 156
PAINT_LINE 12 157 12 157
PAINT_LINE 12 158 12 158
PAINT_LINE 12 159 12 159
PAINT_LINE 12 160 12 160
PAINT_LINE 12 161 12 161
PAINT_LINE 12 162 12 162
PAINT_LINE 12 163 12 163
PAINT_LINE 12 164 12 164
PAINT_LINE 12 165 12 165
PAINT_LINE 12 166 12 166
PAINT_LINE 13 5 13 5
PAINT_LINE 13 6 13 6
PAINT_LINE 13 7 13 7
PAINT_LINE 13 8 13 8
PAINT_LINE 13 11 13 11
PAINT_LINE 13 12 13 12
PAINT_LINE 13 21 13 21
PAINT_LINE 13 22 13 22
PAINT_LINE 13 23 13 23
PAINT_LINE 13 24 13 24
PAINT_LINE 13 25 13 25
PAINT_LINE 13 26 13 26
PAINT_LINE 13 27 13 27
PAINT_LINE 13 28 13 28
PAINT_LINE 13 29 13 29
PAINT_LINE 13 30 13 30
PAINT_LINE 13 31 13 31
PAINT_LINE 13 32 13 32
PAINT_LINE 13 33 13 33
PAINT_LINE 13 34 13 34
PAINT_LINE 13 35 13 35
PAINT_LINE 13 36 13 36
PAINT_LINE 13 37 13 37
PAINT_LINE 13 38 13 38
PAINT_LINE 13 39 13 39
PAINT_LINE 13 40 13 40
PAINT_LINE 13 41 13 41
PAINT_LINE 13 42 13 42
PAINT_LINE 13 43 13 43
PAINT_LINE 13 44 13 44
PAINT_LINE 13 45 13 45
PAINT_LINE 13 46 13 46
PAINT_LINE 13 47 13 47
PAINT_LINE 13 48 13 48
PAINT_LINE 13 49 13 49
PAINT_LINE 13 50 13 50
PAINT_LINE 13 51 13 51
PAINT_LINE 13 52 13 52
PAINT_LINE 13 53 13 53
PAINT_LINE 13 54 13 54
PAINT_LINE 13 55 13 55
PAINT_LINE 13 56 13 56
PAINT_LINE 13 57 13 57
PAINT_LINE 13 64 13 64
PAINT_LINE 13 65 13 65
PAINT_LINE 13 66 13 66
PAINT_LINE 13 67 13 67
PAINT_LINE 13 68 13 68
PAINT_LINE 13 69 13 69
PAINT_LINE 13 70 13 70
PAINT_LINE 13 71 13 71
PAINT_LINE 13 72 13 72
PAINT_LINE 13 73 13 73
PAINT_LINE 13 74 13 74
PAINT_LINE 13 75 13 75
PAINT_LINE 13 76 13 76
PAINT_LINE 13 77 13 77
PAINT_LINE 13 78 13 78
PAINT_LINE 13 79 13 79
PAINT_LINE 13 80 13 80
PAINT_LINE 13 81 13 81
PAINT_LINE 13 82 13 82
PAINT_LINE 13 83 13 83
PAINT_LINE 13 84 13 84
PAINT_LINE 13 85 13 85
PAINT_LINE 13 86 13 86
PAINT_LINE 13 87 13 87
PAINT_LINE 13 93 13 93
PAINT_LINE 13 94 13 94
PAINT_LINE 13 117 13 117
PAINT_LINE 13 118 13 118
PAINT_LINE 13 119 13 119
PAINT_LINE 13 120 13 120
PAINT_LINE 13 121 13 121
PAINT_LINE 13 122 13 122
PAINT_LINE 13 123 13 123
PAINT_LINE 13 124 13 124
PAINT_LINE 13 125 13 125
PAINT_LINE 13 126 13 126
PAINT_LINE 13 127 13 127
PAINT_LINE 13 128 13 128
PAINT_LINE 13 129 13 129
PAINT_LINE 13 130 13 130
PAINT_LINE 13 131 13 131
PAINT_LINE 13 132 13 132
PAINT_LINE 13 133 13 133
PAINT_LINE 13 134 13 134
PAINT_LINE 13 135 13 135
PAINT_LINE 13 136 13 136
PAINT_LINE 13 137 13 137
PAINT_LINE 13 138 13 138
PAINT_LINE 13 139 13 139
PAINT_LINE 13 140 13 140
PAINT_LINE 13 141 13 141
PAINT_LINE 13 142 13 142
PAINT_LINE 13 143 13 143
PAINT_LINE 13 144 13 144
PAINT_LINE 13 145 13 145
PAINT_LINE 13 146 13 146
PAINT_LINE 13 147 13 147
PAINT_LINE 13 148 13 148
PAINT_LINE 13 149 13 149
PAINT_LINE 13 156 13 156
PAINT_LINE 13 157 13 157
PAINT_LINE 13 158 13 158
PAINT_LINE 13 159 13 159
PAINT_LINE 13 160 13 160
PAINT_LINE 13 161 13 161
PAINT_LINE 13 162 13 162
PAINT_LINE 13 163 13 163
PAINT_LINE 13 164 13 164
PAINT_LINE 13 165 13 165
PAINT_LINE 13 166 13 166
PAINT_LINE 13 174 13 174
PAINT_LINE 13 175 13 175
PAINT_LINE 13 176 13 176
PAINT_LINE 13 177 13 177
PAINT_LINE 13 178 13 178
PAINT_LINE 13 179 13 179
PAINT_LINE 13 180 13 180
PAINT_LINE 13 181 13 181
PAINT_LINE 13 182 13 182
PAINT_LINE 13 183 13 183
PAINT_LINE 13 184 13 184
PAINT_LINE 13 185 13 185
PAINT_LINE 13 186 13 186
PAINT_LINE 13 187 13 187
PAINT_LINE 13 188 13 188
PAINT_LINE 13 189 13 189
PAINT_LINE 13 190 13 190
PAINT_LINE 14 5 14 5
PAINT_LINE 14 6 14 6
PAINT_LINE 14 7 14 7
PAINT_LINE 14 8 14 8
PAINT_LINE 14 21 14 21
PAINT_LINE 14 22 14 22
PAINT_LINE 14 23 14 23
PAINT_LINE 14 24 14 24
PAINT_LINE 14 25 14 25
PAINT_LINE 14 26 14 26
PAINT_LINE 14 27 14 27
PAINT_LINE 14 28 14 28
PAINT_LINE 14 29 14 29
PAINT_LINE 14 30 14 30
PAINT_LINE 14 31 14 31
PAINT_LINE 14 32 14 32
PAINT_LINE 14 33 14 33
PAINT_LINE 14 34 14 34
PAINT_LINE 14 35 14 35
PAINT_LINE 14 36 14 36
PAINT_LINE 14 37 14 37
PAINT_LINE 14 38 14 38
PAINT_LINE 14 39 14 39
PAINT_LINE 14 40 14 40
PAINT_LINE 14 41 14 41
PAINT_LINE 14 42 14 42
PAINT_LINE 14 43 14 43
PAINT_LINE 14 64 14 64
PAINT_LINE 14 65 14 65
PAINT_LINE 14 66 14 66
PAINT_LINE 14 67 14 67
PAINT_LINE 14 68 14 68
PAINT_LINE 14 69 14 69
PAINT_LINE 14 70 14 70
PAINT_LINE 14 71 14 71
PAINT_LINE 14 72 14 72
PAINT_LINE 14 73 14 73
PAINT_LINE 14 74 14 74
PAINT_LINE 14 75 14 75
PAINT_LINE 14 76 14 76
PAINT_LINE 14 77 14 77
PAINT_LINE 14 78 14 78
PAINT_LINE 14 79 14 79
PAINT_LINE 14 80 14 80
PAINT_LINE 14 81 14 81
PAINT_LINE 14 82 14 82
PAINT_LINE 14 83 14 83
PAINT_LINE 14 84 14 84
PAINT_LINE 14 85 14 85
PAINT_LINE 14 86 14 86
PAINT_LINE 14 87 14 87
PAINT_LINE 14 96 14 96
PAINT_LINE 14 97 14 97
PAINT_LINE 14 98 14 98
PAINT_LINE 14 99 14 99
PAINT_LINE 14 100 14 100
PAINT_LINE 14 101 14 101
PAINT_LINE 14 102 14 102
PAINT_LINE 14 103 14 103
PAINT_LINE 14 104 14 104
PAINT_LINE 14 105 14 105
PAINT_LINE 14 106 14 106
PAINT_LINE 14 107 14 107
PAINT_LINE 14 108 14 108
PAINT_LINE 14 109 14 109
PAINT_LINE 14 110 14 110
PAINT_LINE 14 111 14 111
PAINT_LINE 14 112 14 112
PAINT_LINE 14 113 14 113
PAINT_LINE 14 114 14 114
PAINT_LINE 14 115 14 115
PAINT_LINE 14 116 14 116
PAINT_LINE 14 117 14 117
PAINT_LINE 14 118 14 118
PAINT_LINE 14 119 14 119
PAINT_LINE 14 120 14 120
PAINT_LINE 14 121 14 121
PAINT_LINE 14 122 14 122
PAINT_LINE 14 123 14 123
PAINT_LINE 14 124 14 124
PAINT_LINE 14 125 14 125
PAINT_LINE 14 126 14 126
PAINT_LINE 14 127 14 127
PAINT_LINE 14 128 14 128
PAINT_LINE 14 129 14 129
PAINT_LINE 14 130 14 130
PAINT_LINE 14 131 14 131
PAINT_LINE 14 132 14 132
PAINT_LINE 14 133 14 133
PAINT_LINE 14 134 14 134
PAINT_LINE 14 135 14 135
PAINT_LINE 14 136 14 136
PAINT_LINE 14 137 14 137
PAINT_LINE 14 138 14 138
PAINT_LINE 14 139 14 139
PAINT_LINE 14 140 14 140
PAINT_LINE 14 141 14 141
PAINT_LINE 14 142 14 142
PAINT_LINE 14 143 14 143
PAINT_LINE 14 144 14 144
PAINT_LINE 14 145 14 145
PAINT_LINE 14 146 14 146
PAINT_LINE 14 147 14 147
PAINT_LINE 14 148 14 148
PAINT_LINE 14 149 14 149
PAINT_LINE 14 156 14 156
PAINT_LINE 14 157 14 157
PAINT_LINE 14 158 14 158
PAINT_LINE 14 159 14 159
PAINT_LINE 14 160 14 160
PAINT_LINE 14 161 14 161
PAINT_LINE 14 162 14 162
PAINT_LINE 14 163 14 163
PAINT_LINE 14 164 14 164
PAINT_LINE 14 165 14 165
PAINT_LINE 14 166 14 166
PAINT_LINE 14 173 14 173
PAINT_LINE 14 174 14 174
PAINT_LINE 14 175 14 175
PAINT_LINE 14 176 14 176
PAINT_LINE 14 177 14 177
PAINT_LINE 14 178 14 178
PAINT_LINE 14 179 14 179
PAINT_LINE 14 180 14 180
PAINT_LINE 14 181 14 181
PAINT_LINE 14 182 14 182
PAINT_LINE 14 183 14 183
PAINT_LINE 14 184 14 184
PAINT_LINE 14 185 14 185
PAINT_LINE 14 186 14 186
PAINT_LINE 14 187 14 187
PAINT_LINE 14 188 14 188
PAINT_LINE 14 189 14 189
PAINT_LINE 14 190 14 190
PAINT_LINE 15 21 15 21
PAINT_LINE 15 22 15 22
PAINT_LINE 15 23 15 23
PAINT_LINE 15 24 15 24
PAINT_LINE 15 25 15 25
PAINT_LINE 15 26 15 26
PAINT_LINE 15 27 15 27
PAINT_LINE 15 28 15 28
PAINT_LINE 15 29 15 29
PAINT_LINE 15 30 15 30
PAINT_LINE 15 31 15 31
PAINT_LINE 15 32 15 32
PAINT_LINE 15 33 15 33
PAINT_LINE 15 34 15 34
PAINT_LINE 15 35 15 35
PAINT_LINE 15 36 15 36
PAINT_LINE 15 37 15 37
PAINT_LINE 15 38 15 38
PAINT_LINE 15 39 15 39
PAINT_LINE 15 40 15 40
PAINT_LINE 15 41 15 41
PAINT_LINE 15 42 15 42
PAINT_LINE 15 43 15 43
PAINT_LINE 15 64 15 64
PAINT_LINE 15 65 15 65
PAINT_LINE 15 66 15 66
PAINT_LINE 15 67 15 67
PAINT_LINE 15 68 15 68
PAINT_LINE 15 69 15 69
PAINT_LINE 15 70 15 70
PAINT_LINE 15 71 15 71
PAINT_LINE 15 72 15 72
PAINT_LINE 15 73 15 73
PAINT_LINE 15 74 15 74
PAINT_LINE 15 75 15 75
PAINT_LINE 15 76 15 76
PAINT_LINE 15 77 15 77
PAINT_LINE 15 78 15 78
PAINT_LINE 15 79 15 79
PAINT_LINE 15 80 15 80
PAINT_LINE 15 81 15 81
PAINT_LINE 15 82 15 82
PAINT_LINE 15 83 15 83
PAINT_LINE 15 84 15 84
PAINT_LINE 15 85 15 85
PAINT_LINE 15 86 15 86
PAINT_LINE 15 87 15 87
PAINT_LINE 15 96 15 96
PAINT_LINE 15 97 15 97
PAINT_LINE 15 98 15 98
PAINT_LINE 15 99 15 99
PAINT_LINE 15 100 15 100
PAINT_LINE 15 101 15 101
PAINT_LINE 15 102 15 102
PAINT_LINE 15 103 15 103
PAINT_LINE 15 104 15 104
PAINT_LINE 15 105 15 105
PAINT_LINE 15 106 15 106
PAINT_LINE 15 107 15 107
PAINT_LINE 15 108 15 108
PAINT_LINE 15 109 15 109
PAINT_LINE 15 110 15 110
PAINT_LINE 15 111 15 111
PAINT_LINE 15 112 15 112
PAINT_LINE 15 113 15 113
PAINT_LINE 15 114 15 114
PAINT_LINE 15 115 15 115
PAINT_LINE 15 116 15 116
PAINT_LINE 15 117 15 117
PAINT_LINE 15 118 15 118
PAINT_LINE 15 119 15 119
PAINT_LINE 15 120 15 120
PAINT_LINE 15 121 15 121
PAINT_LINE 15 122 15 122
PAINT_LINE 15 123 15 123
PAINT_LINE 15 124 15 124
PAINT_LINE 15 125 15 125
PAINT_LINE 15 126 15 126
PAINT_LINE 15 127 15 127
PAINT_LINE 15 128 15 128
PAINT_LINE 15 129 15 129
PAINT_LINE 15 130 15 130
PAINT_LINE 15 131 15 131
PAINT_LINE 15 132 15 132
PAINT_LINE 15 133 15 133
PAINT_LINE 15 134 15 134
PAINT_LINE 15 135 15 135
PAINT_LINE 15 136 15 136
PAINT_LINE 15 137 15 137
PAINT_LINE 15 138 15 138
PAINT_LINE 15 139 15 139
PAINT_LINE 15 140 15 140
PAINT_LINE 15 141 15 141
PAINT_LINE 15 142 15 142
PAINT_LINE 15 143 15 143
PAINT_LINE 15 144 15 144
PAINT_LINE 15 145 15 145
PAINT_LINE 15 146 15 146
PAINT_LINE 15 147 15 147
PAINT_LINE 15 148 15 148
PAINT_LINE 15 149 15 149
PAINT_LINE 15 156 15 156
PAINT_LINE 15 157 15 157
PAINT_LINE 15 158 15 158
PAINT_LINE 15 159 15 159
PAINT_LINE 15 160 15 160
PAINT_LINE 15 161 15 161
PAINT_LINE 15 162 15 162
PAINT_LINE 15 163 15 163
PAINT_LINE 15 164 15 164
PAINT_LINE 15 165 15 165
PAINT_LINE 15 166 15 166
PAINT_LINE 15 173 15 173
PAINT_LINE 15 174 15 174
PAINT_LINE 15 175 15 175
PAINT_LINE 15 176 15 176
PAINT_LINE 15 177 15 177
PAINT_LINE 15 178 15 178
PAINT_LINE 15 179 15 179
PAINT_LINE 15 180 15 180
PAINT_LINE 15 181 15 181
PAINT_LINE 15 182 15 182
PAINT_LINE 15 183 15 183
PAINT_LINE 15 184 15 184
PAINT_LINE 15 185 15 185
PAINT_LINE 15 186 15 186
PAINT_LINE 15 187 15 187
PAINT_LINE 15 188 15 188
PAINT_LINE 15 189 15 189
PAINT_LINE 15 190 15 190
PAINT_LINE 16 21 16 21
PAINT_LINE 16 22 16 22
PAINT_LINE 16 23 16 23
PAINT_LINE 16 24 16 24
PAINT_LINE 16 25 16 25
PAINT_LINE 16 26 16 26
PAINT_LINE 16 27 16 27
PAINT_LINE 16 28 16 28
PAINT_LINE 16 29 16 29
PAINT_LINE 16 30 16 30
PAINT_LINE 16 31 16 31
PAINT_LINE 16 32 16 32
PAINT_LINE 16 33 16 33
PAINT_LINE 16 34 16 34
PAINT_LINE 16 35 16 35
PAINT_LINE 16 36 16 36
PAINT_LINE 16 37 16 37
PAINT_LINE 16 38 16 38
PAINT_LINE 16 39 16 39
PAINT_LINE 16 40 16 40
PAINT_LINE 16 41 16 41
PAINT_LINE 16 42 16 42
PAINT_LINE 16 43 16 43
PAINT_LINE 16 64 16 64
PAINT_LINE 16 65 16 65
PAINT_LINE 16 66 16 66
PAINT_LINE 16 67 16 67
PAINT_LINE 16 68 16 68
PAINT_LINE 16 69 16 69
PAINT_LINE 16 70 16 70
PAINT_LINE 16 71 16 71
PAINT_LINE 16 72 16 72
PAINT_LINE 16 73 16 73
PAINT_LINE 16 74 16 74
PAINT_LINE 16 75 16 75
PAINT_LINE 16 76 16 76
PAINT_LINE 16 77 16 77
PAINT_LINE 16 78 16 78
PAINT_LINE 16 79 16 79
PAINT_LINE 16 80 16 80
PAINT_LINE 16 81 16 81
PAINT_LINE 16 82 16 82
PAINT_LINE 16 83 16 83
PAINT_LINE 16 84 16 84
PAINT_LINE 16 85 16 85
PAINT_LINE 16 86 16 86
PAINT_LINE 16 87 16 87
PAINT_LINE 16 96 16 96
PAINT_LINE 16 97 16 97
PAINT_LINE 16 98 16 98
PAINT_LINE 16 99 16 99
PAINT_LINE 16 100 16 100
PAINT_LINE 16 101 16 101
PAINT_LINE 16 102 16 102
PAINT_LINE 16 103 16 103
PAINT_LINE 16 104 16 104
PAINT_LINE 16 105 16 105
PAINT_LINE 16 106 16 106
PAINT_LINE 16 107 16 107
PAINT_LINE 16 108 16 108
PAINT_LINE 16 109 16 109
PAINT_LINE 16 110 16 110
PAINT_LINE 16 111 16 111
PAINT_LINE 16 112 16 112
PAINT_LINE 16 113 16 113
PAINT_LINE 16 114 16 114
PAINT_LINE 16 115 16 115
PAINT_LINE 16 116 16 116
PAINT_LINE 16 117 16 117
PAINT_LINE 16 118 16 118
PAINT_LINE 16 119 16 119
PAINT_LINE 16 120 16 120
PAINT_LINE 16 121 16 121
PAINT_LINE 16 122 16 122
PAINT_LINE 16 123 16 123
PAINT_LINE 16 124 16 124
PAINT_LINE 16 125 16 125
PAINT_LINE 16 126 16 126
PAINT_LINE 16 127 16 127
PAINT_LINE 16 128 16 128
PAINT_LINE 16 129 16 129
PAINT_LINE 16 130 16 130
PAINT_LINE 16 131 16 131
PAINT_LINE 16 132 16 132
PAINT_LINE 16 133 16 133
PAINT_LINE 16 134 16 134
PAINT_LINE 16 135 16 135
PAINT_LINE 16 136 16 136
PAINT_LINE 16 137 16 137
PAINT_LINE 16 138 16 138
PAINT_LINE 16 139 16 139
PAINT_LINE 16 140 16 140
PAINT_LINE 16 141 16 141
PAINT_LINE 16 142 16 142
PAINT_LINE 16 143 16 143
PAINT_LINE 16 144 16 144
PAINT_LINE 16 145 16 145
PAINT_LINE 16 146 16 146
PAINT_LINE 16 147 16 147
PAINT_LINE 16 148 16 148
PAINT_LINE 16 149 16 149
PAINT_LINE 16 156 16 156
PAINT_LINE 16 157 16 157
PAINT_LINE 16 158 16 158
PAINT_LINE 16 159 16 159
PAINT_LINE 16 160 16 160
PAINT_LINE 16 161 16 161
PAINT_LINE 16 162 16 162
PAINT_LINE 16 163 16 163
PAINT_LINE 16 164 16 164
PAINT_LINE 16 165 16 165
PAINT_LINE 16 166 16 166
PAINT_LINE 16 173 16 173
PAINT_LINE 16 174 16 174
PAINT_LINE 16 175 16 175
PAINT_LINE 16 176 16 176
PAINT_LINE 16 177 16 177
PAINT_LINE 16 178 16 178
PAINT_LINE 16 179 16 179
PAINT_LINE 16 180 16 180
PAINT_LINE 16 181 16 181
PAINT_LINE 16 182 16 182
PAINT_LINE 16 183 16 183
PAINT_LINE 16 184 16 184
PAINT_LINE 16 185 16 185
PAINT_LINE 16 186 16 186
PAINT_LINE 16 187 16 187
PAINT_LINE 16 188 16 188
PAINT_LINE 16 189 16 189
PAINT_LINE 16 190 16 190
PAINT_LINE 17 21 17 21
PAINT_LINE 17 22 17 22
PAINT_LINE 17 23 17 23
PAINT_LINE 17 24 17 24
PAINT_LINE 17 25 17 25
PAINT_LINE 17 26 17 26
PAINT_LINE 17 27 17 27
PAINT_LINE 17 28 17 28
PAINT_LINE 17 29 17 29
PAINT_LINE 17 30 17 30
PAINT_LINE 17 31 17 31
PAINT_LINE 17 32 17 32
PAINT_LINE 17 33 17 33
PAINT_LINE 17 34 17 34
PAINT_LINE 17 35 17 35
PAINT_LINE 17 36 17 36
PAINT_LINE 17 37 17 37
PAINT_LINE 17 38 17 38
PAINT_LINE 17 39 17 39
PAINT_LINE 17 40 17 40
PAINT_LINE 17 41 17 41
PAINT_LINE 17 42 17 42
PAINT_LINE 17 43 17 43
PAINT_LINE 17 52 17 52
PAINT_LINE 17 53 17 53
PAINT_LINE 17 54 17 54
PAINT_LINE 17 55 17 55
PAINT_LINE 17 56 17 56
PAINT_LINE 17 57 17 57
PAINT_LINE 17 58 17 58
PAINT_LINE 17 59 17 59
PAINT_LINE 17 60 17 60
PAINT_LINE 17 61 17 61
PAINT_LINE 17 62 17 62
PAINT_LINE 17 63 17 63
PAINT_LINE 17 64 17 64
PAINT_LINE 17 65 17 65
PAINT_LINE 17 66 17 66
PAINT_LINE 17 67 17 67
PAINT_LINE 17 68 17 68
PAINT_LINE 17 69 17 69
PAINT_LINE 17 70 17 70
PAINT_LINE 17 71 17 71
PAINT_LINE 17 72 17 72
PAINT_LINE 17 73 17 73
PAINT_LINE 17 74 17 74
PAINT_LINE 17 75 17 75
PAINT_LINE 17 76 17 76
PAINT_LINE 17 77 17 77
PAINT_LINE 17 78 17 78
PAINT_LINE 17 79 17 79
PAINT_LINE 17 80 17 80
PAINT_LINE 17 81 17 81
PAINT_LINE 17 82 17 82
PAINT_LINE 17 83 17 83
PAINT_LINE 17 84 17 84
PAINT_LINE 17 85 17 85
PAINT_LINE 17 86 17 86
PAINT_LINE 17 87 17 87
PAINT_LINE 17 96 17 96
PAINT_LINE 17 97 17 97
PAINT_LINE 17 98 17 98
PAINT_LINE 17 99 17 99
PAINT_LINE 17 100 17 100
PAINT_LINE 17 101 17 101
PAINT_LINE 17 102 17 102
PAINT_LINE 17 103 17 103
PAINT_LINE 17 104 17 104
PAINT_LINE 17 105 17 105
PAINT_LINE 17 106 17 106
PAINT_LINE 17 107 17 107
PAINT_LINE 17 108 17 108
PAINT_LINE 17 109 17 109
PAINT_LINE 17 110 17 110
PAINT_LINE 17 111 17 111
PAINT_LINE 17 112 17 112
PAINT_LINE 17 113 17 113
PAINT_LINE 17 114 17 114
PAINT_LINE 17 115 17 115
PAINT_LINE 17 116 17 116
PAINT_LINE 17 117 17 117
PAINT_LINE 17 118 17 118
PAINT_LINE 17 119 17 119
PAINT_LINE 17 120 17 120
PAINT_LINE 17 121 17 121
PAINT_LINE 17 122 17 122
PAINT_LINE 17 123 17 123
PAINT_LINE 17 124 17 124
PAINT_LINE 17 125 17 125
PAINT_LINE 17 126 17 126
PAINT_LINE 17 127 17 127
PAINT_LINE 17 128 17 128
PAINT_LINE 17 129 17 129
PAINT_LINE 17 130 17 130
PAINT_LINE 17 131 17 131
PAINT_LINE 17 132 17 132
PAINT_LINE 17 133 17 133
PAINT_LINE 17 134 17 134
PAINT_LINE 17 135 17 135
PAINT_LINE 17 136 17 136
PAINT_LINE 17 137 17 137
PAINT_LINE 17 138 17 138
PAINT_LINE 17 139 17 139
PAINT_LINE 17 140 17 140
PAINT_LINE 17 141 17 141
PAINT_LINE 17 142 17 142
PAINT_LINE 17 143 17 143
PAINT_LINE 17 144 17 144
PAINT_LINE 17 145 17 145
PAINT_LINE 17 146 17 146
PAINT_LINE 17 147 17 147
PAINT_LINE 17 148 17 148
PAINT_LINE 17 149 17 149
PAINT_LINE 17 156 17 156
PAINT_LINE 17 157 17 157
PAINT_LINE 17 158 17 158
PAINT_LINE 17 159 17 159
PAINT_LINE 17 160 17 160
PAINT_LINE 17 161 17 161
PAINT_LINE 17 162 17 162
PAINT_LINE 17 163 17 163
PAINT_LINE 17 164 17 164
PAINT_LINE 17 165 17 165
PAINT_LINE 17 166 17 166
PAINT_LINE 17 173 17 173
PAINT_LINE 17 174 17 174
PAINT_LINE 17 175 17 175
PAINT_LINE 17 176 17 176
PAINT_LINE 17 177 17 177
PAINT_LINE 17 178 17 178
PAINT_LINE 17 179 17 179
PAINT_LINE 17 180 17 180
PAINT_LINE 17 181 17 181
PAINT_LINE 17 182 17 182
PAINT_LINE 17 183 17 183
PAINT_LINE 17 184 17 184
PAINT_LINE 17 185 17 185
PAINT_LINE 17 186 17 186
PAINT_LINE 17 187 17 187
PAINT_LINE 17 188 17 188
PAINT_LINE 17 189 17 189
PAINT_LINE 17 190 17 190
PAINT_LINE 18 21 18 21
PAINT_LINE 18 22 18 22
PAINT_LINE 18 23 18 23
PAINT_LINE 18 24 18 24
PAINT_LINE 18 25 18 25
PAINT_LINE 18 26 18 26
PAINT_LINE 18 27 18 27
PAINT_LINE 18 28 18 28
PAINT_LINE 18 29 18 29
PAINT_LINE 18 30 18 30
PAINT_LINE 18 31 18 31
PAINT_LINE 18 32 18 32
PAINT_LINE 18 33 18 33
PAINT_LINE 18 34 18 34
PAINT_LINE 18 35 18 35
PAINT_LINE 18 36 18 36
PAINT_LINE 18 37 18 37
PAINT_LINE 18 38 18 38
PAINT_LINE 18 39 18 39
PAINT_LINE 18 40 18 40
PAINT_LINE 18 41 18 41
PAINT_LINE 18 42 18 42
PAINT_LINE 18 43 18 43
PAINT_LINE 18 51 18 51
PAINT_LINE 18 52 18 52
PAINT_LINE 18 53 18 53
PAINT_LINE 18 54 18 54
PAINT_LINE 18 55 18 55
PAINT_LINE 18 56 18 56
PAINT_LINE 18 57 18 57
PAINT_LINE 18 58 18 58
PAINT_LINE 18 59 18 59
PAINT_LINE 18 60 18 60
PAINT_LINE 18 61 18 61
PAINT_LINE 18 62 18 62
PAINT_LINE 18 63 18 63
PAINT_LINE 18 64 18 64
PAINT_LINE 18 65 18 65
PAINT_LINE 18 66 18 66
PAINT_LINE 18 67 18 67
PAINT_LINE 18 68 18 68
PAINT_LINE 18 69 18 69
PAINT_LINE 18 70 18 70
PAINT_LINE 18 71 18 71
PAINT_LINE 18 72 18 72
PAINT_LINE 18 73 18 73
PAINT_LINE 18 74 18 74
PAINT_LINE 18 75 18 75
PAINT_LINE 18 76 18 76
PAINT_LINE 18 77 18 77
PAINT_LINE 18 78 18 78
PAINT_LINE 18 79 18 79
PAINT_LINE 18 80 18 80
PAINT_LINE 18 81 18 81
PAINT_LINE 18 82 18 82
PAINT_LINE 18 83 18 83
PAINT_LINE 18 84 18 84
PAINT_LINE 18 85 18 85
PAINT_LINE 18 86 18 86
PAINT_LINE 18 87 18 87
PAINT_LINE 18 96 18 96
PAINT_LINE 18 97 18 97
PAINT_LINE 18 98 18 98
PAINT_LINE 18 99 18 99
PAINT_LINE 18 100 18 100
PAINT_LINE 18 101 18 101
PAINT_LINE 18 102 18 102
PAINT_LINE 18 103 18 103
PAINT_LINE 18 104 18 104
PAINT_LINE 18 105 18 105
PAINT_LINE 18 106 18 106
PAINT_LINE 18 107 18 107
PAINT_LINE 18 108 18 108
PAINT_LINE 18 109 18 109
PAINT_LINE 18 110 18 110
PAINT_LINE 18 111 18 111
PAINT_LINE 18 112 18 112
PAINT_LINE 18 113 18 113
PAINT_LINE 18 114 18 114
PAINT_LINE 18 115 18 115
PAINT_LINE 18 116 18 116
PAINT_LINE 18 117 18 117
PAINT_LINE 18 118 18 118
PAINT_LINE 18 119 18 119
PAINT_LINE 18 120 18 120
PAINT_LINE 18 121 18 121
PAINT_LINE 18 122 18 122
PAINT_LINE 18 123 18 123
PAINT_LINE 18 124 18 124
PAINT_LINE 18 125 18 125
PAINT_LINE 18 126 18 126
PAINT_LINE 18 127 18 127
PAINT_LINE 18 128 18 128
PAINT_LINE 18 129 18 129
PAINT_LINE 18 130 18 130
PAINT_LINE 18 131 18 131
PAINT_LINE 18 132 18 132
PAINT_LINE 18 133 18 133
PAINT_LINE 18 134 18 134
PAINT_LINE 18 135 18 135
PAINT_LINE 18 136 18 136
PAINT_LINE 18 137 18 137
PAINT_LINE 18 138 18 138
PAINT_LINE 18 139 18 139
PAINT_LINE 18 140 18 140
PAINT_LINE 18 141 18 141
PAINT_LINE 18 142 18 142
PAINT_LINE 18 143 18 143
PAINT_LINE 18 144 18 144
PAINT_LINE 18 145 18 145
PAINT_LINE 18 146 18 146
PAINT_LINE 18 147 18 147
PAINT_LINE 18 148 18 148
PAINT_LINE 18 149 18 149
PAINT_LINE 18 156 18 156
PAINT_LINE 18 157 18 157
PAINT_LINE 18 158 18 158
PAINT_LINE 18 159 18 159
PAINT_LINE 18 160 18 160
PAINT_LINE 18 161 18 161
PAINT_LINE 18 162 18 162
PAINT_LINE 18 163 18 163
PAINT_LINE 18 164 18 164
PAINT_LINE 18 165 18 165
PAINT_LINE 18 166 18 166
PAINT_LINE 18 173 18 173
PAINT_LINE 18 174 18 174
PAINT_LINE 18 175 18 175
PAINT_LINE 18 176 18 176
PAINT_LINE 18 177 18 177
PAINT_LINE 18 178 18 178
PAINT_LINE 18 179 18 179
PAINT_LINE 18 180 18 180
PAINT_LINE 18 181 18 181
PAINT_LINE 18 182 18 182
PAINT_LINE 18 183 18 183
PAINT_LINE 18 184 18 184
PAINT_LINE 18 185 18 185
PAINT_LINE 18 186 18 186
PAINT_LINE 18 187 18 187
PAINT_LINE 18 188 18 188
PAINT_LINE 18 189 18 189
PAINT_LINE 18 190 18 190
PAINT_LINE 19 21 19 21
PAINT_LINE 19 22 19 22
PAINT_LINE 19 23 19 23
PAINT_LINE 19 24 19 24
PAINT_LINE 19 25 19 25
PAINT_LINE 19 26 19 26
PAINT_LINE 19 27 19 27
PAINT_LINE 19 28 19 28
PAINT_LINE 19 29 19 29
PAINT_LINE 19 30 19 30
PAINT_LINE 19 31 19 31
PAINT_LINE 19 32 19 32
PAINT_LINE 19 33 19 33
PAINT_LINE 19 34 19 34
PAINT_LINE 19 35 19 35
PAINT_LINE 19 36 19 36
PAINT_LINE 19 37 19 37
PAINT_LINE 19 38 19 38
PAINT_LINE 19 39 19 39
PAINT_LINE 19 40 19 40
PAINT_LINE 19 41 19 41
PAINT_LINE 19 42 19 42
PAINT_LINE 19 43 19 43
PAINT_LINE 19 51 19 51
PAINT_LINE 19 52 19 52
PAINT_LINE 19 53 19 53
PAINT_LINE 19 54 19 54
PAINT_LINE 19 55 19 55
PAINT_LINE 19 56 19 56
PAINT_LINE 19 57 19 57
PAINT_LINE 19 58 19 58
PAINT_LINE 19 59 19 59
PAINT_LINE 19 60 19 60
PAINT_LINE 19 61 19 61
PAINT_LINE 19 62 19 62
PAINT_LINE 19 63 19 63
PAINT_LINE 19 64 19 64
PAINT_LINE 19 65 19 65
PAINT_LINE 19 66 19 66
PAINT_LINE 19 67 19 67
PAINT_LINE 19 68 19 68
PAINT_LINE 19 69 19 69
PAINT_LINE 19 70 19 70
PAINT_LINE 19 71 19 71
PAINT_LINE 19 72 19 72
PAINT_LINE 19 73 19 73
PAINT_LINE 19 74 19 74
PAINT_LINE 19 75 19 75
PAINT_LINE 19 76 19 76
PAINT_LINE 19 77 19 77
PAINT_LINE 19 78 19 78
PAINT_LINE 19 79 19 79
PAINT_LINE 19 80 19 80
PAINT_LINE 19 81 19 81
PAINT_LINE 19 82 19 82
PAINT_LINE 19 83 19 83
PAINT_LINE 19 84 19 84
PAINT_LINE 19 85 19 85
PAINT_LINE 19 86 19 86
PAINT_LINE 19 87 19 87
PAINT_LINE 19 96 19 96
PAINT_LINE 19 97 19 97
PAINT_LINE 19 98 19 98
PAINT_LINE 19 99 19 99
PAINT_LINE 19 100 19 100
PAINT_LINE 19 101 19 101
PAINT_LINE 19 102 19 102
PAINT_LINE 19 103 19 103
PAINT_LINE 19 104 19 104
PAINT_LINE 19 105 19 105
PAINT_LINE 19 106 19 106
PAINT_LINE 19 107 19 107
PAINT_LINE 19 108 19 108
PAINT_LINE 19 109 19 109
PAINT_LINE 19 110 19 110
PAINT_LINE 19 111 19 111
PAINT_LINE 19 112 19 112
PAINT_LINE 19 113 19 113
PAINT_LINE 19 114 19 114
PAINT_LINE 19 115 19 115
PAINT_LINE 19 116 19 116
PAINT_LINE 19 117 19 117
PAINT_LINE 19 118 19 118
PAINT_LINE 19 119 19 119
PAINT_LINE 19 120 19 120
PAINT_LINE 19 121 19 121
PAINT_LINE 19 122 19 122
PAINT_LINE 19 123 19 123
PAINT_LINE 19 124 19 124
PAINT_LINE 19 125 19 125
PAINT_LINE 19 126 19 126
PAINT_LINE 19 127 19 127
PAINT_LINE 19 128 19 128
PAINT_LINE 19 129 19 129
PAINT_LINE 19 130 19 130
PAINT_LINE 19 131 19 131
PAINT_LINE 19 132 19 132
PAINT_LINE 19 133 19 133
PAINT_LINE 19 134 19 134
PAINT_LINE 19 135 19 135
PAINT_LINE 19 136 19 136
PAINT_LINE 19 137 19 137
PAINT_LINE 19 138 19 138
PAINT_LINE 19 139 19 139
PAINT_LINE 19 140 19 140
PAINT_LINE 19 141 19 141
PAINT_LINE 19 142 19 142
PAINT_LINE 19 143 19 143
PAINT_LINE 19 144 19 144
PAINT_LINE 19 145 19 145
PAINT_LINE 19 146 19 146
PAINT_LINE 19 147 19 147
PAINT_LINE 19 148 19 148
PAINT_LINE 19 149 19 149
PAINT_LINE 19 156 19 156
PAINT_LINE 19 157 19 157
PAINT_LINE 19 158 19 158
PAINT_LINE 19 159 19 159
PAINT_LINE 19 160 19 160
PAINT_LINE 19 161 19 161
PAINT_LINE 19 162 19 162
PAINT_LINE 19 163 19 163
PAINT_LINE 19 164 19 164
PAINT_LINE 19 165 19 165
PAINT_LINE 19 166 19 166
PAINT_LINE 20 21 20 21
PAINT_LINE 20 22 20 22
PAINT_LINE 20 23 20 23
PAINT_LINE 20 24 20 24
PAINT_LINE 20 25 20 25
PAINT_LINE 20 26 20 26
PAINT_LINE 20 27 20 27
PAINT_LINE 20 28 20 28
PAINT_LINE 20 29 20 29
PAINT_LINE 20 30 20 30
PAINT_LINE 20 31 20 31
PAINT_LINE 20 32 20 32
PAINT_LINE 20 33 20 33
PAINT_LINE 20 34 20 34
PAINT_LINE 20 35 20 35
PAINT_LINE 20 36 20 36
PAINT_LINE 20 37 20 37
PAINT_LINE 20 38 20 38
PAINT_LINE 20 39 20 39
PAINT_LINE 20 40 20 40
PAINT_LINE 20 41 20 41
PAINT_LINE 20 42 20 42
PAINT_LINE 20 43 20 43
PAINT_LINE 20 52 20 52
PAINT_LINE 20 53 20 53
PAINT_LINE 20 54 20 54
PAINT_LINE 20 55 20 55
PAINT_LINE 20 56 20 56
PAINT_LINE 20 57 20 57
PAINT_LINE 20 58 20 58
PAINT_LINE 20 59 20 59
PAINT_LINE 20 60 20 60
PAINT_LINE 20 61 20 61
PAINT_LINE 20 62 20 62
PAINT_LINE 20 63 20 63
PAINT_LINE 20 64 20 64
PAINT_LINE 20 65 20 65
PAINT_LINE 20 66 20 66
PAINT_LINE 20 67 20 67
PAINT_LINE 20 68 20 68
PAINT_LINE 20 69 20 69
PAINT_LINE 20 70 20 70
PAINT_LINE 20 71 20 71
PAINT_LINE 20 72 20 72
PAINT_LINE 20 73 20 73
PAINT_LINE 20 74 20 74
PAINT_LINE 20 75 20 75
PAINT_LINE 20 76 20 76
PAINT_LINE 20 77 20 77
PAINT_LINE 20 78 20 78
PAINT_LINE 20 79 20 79
PAINT_LINE 20 80 20 80
PAINT_LINE 20 81 20 81
PAINT_LINE 20 82 20 82
PAINT_LINE 20 83 20 83
PAINT_LINE 20 84 20 84
PAINT_LINE 20 85 20 85
PAINT_LINE 20 86 20 86
PAINT_LINE 20 87 20 87
PAINT_LINE 20 96 20 96
PAINT_LINE 20 97 20 97
PAINT_LINE 20 98 20 98
PAINT_LINE 20 99 20 99
PAINT_LINE 20 100 20 100
PAINT_LINE 20 101 20 101
PAINT_LINE 20 102 20 102
PAINT_LINE 20 103 20 103
PAINT_LINE 20 104 20 104
PAINT_LINE 20 105 20 105
PAINT_LINE 20 106 20 106
PAINT_LINE 20 107 20 107
PAINT_LINE 20 108 20 108
PAINT_LINE 20 109 20 109
PAINT_LINE 20 110 20 110
PAINT_LINE 20 111 20 111
PAINT_LINE 20 112 20 112
PAINT_LINE 20 113 20 113
PAINT_LINE 20 114 20 114
PAINT_LINE 20 115 20 115
PAINT_LINE 20 116 20 116
PAINT_LINE 20 117 20 117
PAINT_LINE 20 118 20 118
PAINT_LINE 20 119 20 119
PAINT_LINE 20 120 20 120
PAINT_LINE 20 121 20 121
PAINT_LINE 20 122 20 122
PAINT_LINE 20 123 20 123
PAINT_LINE 20 124 20 124
PAINT_LINE 20 125 20 125
PAINT_LINE 20 126 20 126
PAINT_LINE 20 127 20 127
PAINT_LINE 20 128 20 128
PAINT_LINE 20 129 20 129
PAINT_LINE 20 130 20 130
PAINT_LINE 20 131 20 131
PAINT_LINE 20 132 20 132
PAINT_LINE 20 133 20 133
PAINT_LINE 20 134 20 134
PAINT_LINE 20 135 20 135
PAINT_LINE 20 136 20 136
PAINT_LINE 20 137 20 137
PAINT_LINE 20 138 20 138
PAINT_LINE 20 139 20 139
PAINT_LINE 20 140 20 140
PAINT_LINE 20 141 20 141
PAINT_LINE 20 142 20 142
PAINT_LINE 20 143 20 143
PAINT_LINE 20 144 20 144
PAINT_LINE 20 145 20 145
PAINT_LINE 20 146 20 146
PAINT_LINE 20 147 20 147
PAINT_LINE 20 148 20 148
PAINT_LINE 20 149 20 149
PAINT_LINE 20 156 20 156
PAINT_LINE 20 157 20 157
PAINT_LINE 20 158 20 158
PAINT_LINE 20 159 20 159
PAINT_LINE 20 160 20 160
PAINT_LINE 20 161 20 161
PAINT_LINE 20 162 20 162
PAINT_LINE 20 163 20 163
PAINT_LINE 20 164 20 164
PAINT_LINE 20 165 20 165
PAINT_LINE 20 166 20 166
PAINT_LINE 21 21 21 21
PAINT_LINE 21 22 21 22
PAINT_LINE 21 23 21 23
PAINT_LINE 21 24 21 24
PAINT_LINE 21 25 21 25
PAINT_LINE 21 26 21 26
PAINT_LINE 21 27 21 27
PAINT_LINE 21 28 21 28
PAINT_LINE 21 29 21 29
PAINT_LINE 21 30 21 30
PAINT_LINE 21 31 21 31
PAINT_LINE 21 32 21 32
PAINT_LINE 21 33 21 33
PAINT_LINE 21 34 21 34
PAINT_LINE 21 35 21 35
PAINT_LINE 21 36 21 36
PAINT_LINE 21 37 21 37
PAINT_LINE 21 38 21 38
PAINT_LINE 21 39 21 39
PAINT_LINE 21 40 21 40
PAINT_LINE 21 41 21 41
PAINT_LINE 21 42 21 42
PAINT_LINE 21 43 21 43
PAINT_LINE 21 64 21 64
PAINT_LINE 21 65 21 65
PAINT_LINE 21 66 21 66
PAINT_LINE 21 67 21 67
PAINT_LINE 21 68 21 68
PAINT_LINE 21 69 21 69
PAINT_LINE 21 70 21 70
PAINT_LINE 21 71 21 71
PAINT_LINE 21 72 21 72
PAINT_LINE 21 73 21 73
PAINT_LINE 21 74 21 74
PAINT_LINE 21 75 21 75
PAINT_LINE 21 76 21 76
PAINT_LINE 21 77 21 77
PAINT_LINE 21 78 21 78
PAINT_LINE 21 79 21 79
PAINT_LINE 21 80 21 80
PAINT_LINE 21 81 21 81
PAINT_LINE 21 82 21 82
PAINT_LINE 21 83 21 83
PAINT_LINE 21 84 21 84
PAINT_LINE 21 85 21 85
PAINT_LINE 21 86 21 86
PAINT_LINE 21 87 21 87
PAINT_LINE 21 96 21 96
PAINT_LINE 21 97 21 97
PAINT_LINE 21 98 21 98
PAINT_LINE 21 99 21 99
PAINT_LINE 21 100 21 100
PAINT_LINE 21 101 21 101
PAINT_LINE 21 102 21 102
PAINT_LINE 21 103 21 103
PAINT_LINE 21 104 21 104
PAINT_LINE 21 105 21 105
PAINT_LINE 21 106 21 106
PAINT_LINE 21 107 21 107
PAINT_LINE 21 108 21 108
PAINT_LINE 21 109 21 109
PAINT_LINE 21 110 21 110
PAINT_LINE 21 111 21 111
PAINT_LINE 21 112 21 112
PAINT_LINE 21 113 21 113
PAINT_LINE 21 114 21 114
PAINT_LINE 21 115 21 115
PAINT_LINE 21 116 21 116
PAINT_LINE 21 117 21 117
PAINT_LINE 21 118 21 118
PAINT_LINE 21 119 21 119
PAINT_LINE 21 120 21 120
PAINT_LINE 21 121 21 121
PAINT_LINE 21 122 21 122
PAINT_LINE 21 123 21 123
PAINT_LINE 21 124 21 124
PAINT_LINE 21 125 21 125
PAINT_LINE 21 126 21 126
PAINT_LINE 21 127 21 127
PAINT_LINE 21 128 21 128
PAINT_LINE 21 129 21 129
PAINT_LINE 21 130 21 130
PAINT_LINE 21 131 21 131
PAINT_LINE 21 132 21 132
PAINT_LINE 21 133 21 133
PAINT_LINE 21 134 21 134
PAINT_LINE 21 135 21 135
PAINT_LINE 21 136 21 136
PAINT_LINE 21 137 21 137
PAINT_LINE 21 138 21 138
PAINT_LINE 21 139 21 139
PAINT_LINE 21 140 21 140
PAINT_LINE 21 141 21 141
PAINT_LINE 21 142 21 142
PAINT_LINE 21 143 21 143
PAINT_LINE 21 144 21 144
PAINT_LINE 21 145 21 145
PAINT_LINE 21 146 21 146
PAINT_LINE 21 147 21 147
PAINT_LINE 21 148 21 148
PAINT_LINE 21 149 21 149
PAINT_LINE 21 156 21 156
PAINT_LINE 21 157 21 157
PAINT_LINE 21 158 21 158
PAINT_LINE 21 159 21 159
PAINT_LINE 21 160 21 160
PAINT_LINE 21 161 21 161
PAINT_LINE 21 162 21 162
PAINT_LINE 21 163 21 163
PAINT_LINE 21 164 21 164
PAINT_LINE 21 165 21 165
PAINT_LINE 21 166 21 166
PAINT_LINE 22 11 22 11
PAINT_LINE 22 12 22 12
PAINT_LINE 22 13 22 13
PAINT_LINE 22 14 22 14
PAINT_LINE 22 15 22 15
PAINT_LINE 22 16 22 16
PAINT_LINE 22 17 22 17
PAINT_LINE 22 18 22 18
PAINT_LINE 22 19 22 19
PAINT_LINE 22 20 22 20
PAINT_LINE 22 21 22 21
PAINT_LINE 22 22 22 22
PAINT_LINE 22 23 22 23
PAINT_LINE 22 24 22 24
PAINT_LINE 22 25 22 25
PAINT_LINE 22 26 22 26
PAINT_LINE 22 27 22 27
PAINT_LINE 22 28 22 28
PAINT_LINE 22 29 22 29
PAINT_LINE 22 30 22 30
PAINT_LINE 22 31 22 31
PAINT_LINE 22 32 22 32
PAINT_LINE 22 33 22 33
PAINT_LINE 22 34 22 34
PAINT_LINE 22 35 22 35
PAINT_LINE 22 36 22 36
PAINT_LINE 22 37 22 37
PAINT_LINE 22 38 22 38
PAINT_LINE 22 39 22 39
PAINT_LINE 22 40 22 40
PAINT_LINE 22 41 22 41
PAINT_LINE 22 42 22 42
PAINT_LINE 22 43 22 43
PAINT_LINE 22 64 22 64
PAINT_LINE 22 65 22 65
PAINT_LINE 22 66 22 66
PAINT_LINE 22 67 22 67
PAINT_LINE 22 68 22 68
PAINT_LINE 22 69 22 69
PAINT_LINE 22 70 22 70
PAINT_LINE 22 71 22 71
PAINT_LINE 22 72 22 72
PAINT_LINE 22 73 22 73
PAINT_LINE 22 74 22 74
PAINT_LINE 22 75 22 75
PAINT_LINE 22 76 22 76
PAINT_LINE 22 77 22 77
PAINT_LINE 22 78 22 78
PAINT_LINE 22 79 22 79
PAINT_LINE 22 80 22 80
PAINT_LINE 22 81 22 81
PAINT_LINE 22 82 22 82
PAINT_LINE 22 83 22 83
PAINT_LINE 22 84 22 84
PAINT_LINE 22 85 22 85
PAINT_LINE 22 86 22 86
PAINT_LINE 22 87 22 87
PAINT_LINE 22 96 22 96
PAINT_LINE 22 97 22 97
PAINT_LINE 22 98 22 98
PAINT_LINE 22 99 22 99
PAINT_LINE 22 100 22 100
PAINT_LINE 22 101 22 101
PAINT_LINE 22 102 22 102
PAINT_LINE 22 103 22 103
PAINT_LINE 22 104 22 104
PAINT_LINE 22 105 22 105
PAINT_LINE 22 106 22 106
PAINT_LINE 22 107 22 107
PAINT_LINE 22 108 22 108
PAINT_LINE 22 109 22 109
PAINT_LINE 22 110 22 110
PAINT_LINE 22 111 22 111
PAINT_LINE 22 112 22 112
PAINT_LINE 22 113 22 113
PAINT_LINE 22 114 22 114
PAINT_LINE 22 115 22 115
PAINT_LINE 22 116 22 116
PAINT_LINE 22 140 22 140
PAINT_LINE 22 141 22 141
PAINT_LINE 22 142 22 142
PAINT_LINE 22 143 22 143
PAINT_LINE 22 144 22 144
PAINT_LINE 22 145 22 145
PAINT_LINE 22 146 22 146
PAINT_LINE 22 147 22 147
PAINT_LINE 22 148 22 148
PAINT_LINE 22 149 22 149
PAINT_LINE 22 156 22 156
PAINT_LINE 22 157 22 157
PAINT_LINE 22 158 22 158
PAINT_LINE 22 159 22 159
PAINT_LINE 22 160 22 160
PAINT_LINE 22 161 22 161
PAINT_LINE 22 162 22 162
PAINT_LINE 22 163 22 163
PAINT_LINE 22 164 22 164
PAINT_LINE 22 165 22 165
PAINT_LINE 22 166 22 166
PAINT_LINE 23 10 23 10
PAINT_LINE 23 11 23 11
PAINT_LINE 23 12 23 12
PAINT_LINE 23 13 23 13
PAINT_LINE 23 14 23 14
PAINT_LINE 23 15 23 15
PAINT_LINE 23 16 23 16
PAINT_LINE 23 17 23 17
PAINT_LINE 23 18 23 18
PAINT_LINE 23 19 23 19
PAINT_LINE 23 20 23 20
PAINT_LINE 23 21 23 21
PAINT_LINE 23 22 23 22
PAINT_LINE 23 23 23 23
PAINT_LINE 23 24 23 24
PAINT_LINE 23 25 23 25
PAINT_LINE 23 26 23 26
PAINT_LINE 23 27 23 27
PAINT_LINE 23 28 23 28
PAINT_LINE 23 29 23 29
PAINT_LINE 23 30 23 30
PAINT_LINE 23 31 23 31
PAINT_LINE 23 32 23 32
PAINT_LINE 23 33 23 33
PAINT_LINE 23 34 23 34
PAINT_LINE 23 35 23 35
PAINT_LINE 23 36 23 36
PAINT_LINE 23 37 23 37
PAINT_LINE 23 38 23 38
PAINT_LINE 23 39 23 39
PAINT_LINE 23 40 23 40
PAINT_LINE 23 41 23 41
PAINT_LINE 23 42 23 42
PAINT_LINE 23 43 23 43
PAINT_LINE 23 64 23 64
PAINT_LINE 23 65 23 65
PAINT_LINE 23 66 23 66
PAINT_LINE 23 67 23 67
PAINT_LINE 23 68 23 68
PAINT_LINE 23 69 23 69
PAINT_LINE 23 70 23 70
PAINT_LINE 23 71 23 71
PAINT_LINE 23 72 23 72
PAINT_LINE 23 73 23 73
PAINT_LINE 23 74 23 74
PAINT_LINE 23 75 23 75
PAINT_LINE 23 76 23 76
PAINT_LINE 23 77 23 77
PAINT_LINE 23 78 23 78
PAINT_LINE 23 79 23 79
PAINT_LINE 23 80 23 80
PAINT_LINE 23 81 23 81
PAINT_LINE 23 82 23 82
PAINT_LINE 23 83 23 83
PAINT_LINE 23 84 23 84
PAINT_LINE 23 85 23 85
PAINT_LINE 23 86 23 86
PAINT_LINE 23 87 23 87
PAINT_LINE 23 96 23 96
PAINT_LINE 23 97 23 97
PAINT_LINE 23 98 23 98
PAINT_LINE 23 99 23 99
PAINT_LINE 23 100 23 100
PAINT_LINE 23 101 23 101
PAINT_LINE 23 102 23 102
PAINT_LINE 23 103 23 103
PAINT_LINE 23 104 23 104
PAINT_LINE 23 105 23 105
PAINT_LINE 23 106 23 106
PAINT_LINE 23 107 23 107
PAINT_LINE 23 108 23 108
PAINT_LINE 23 109 23 109
PAINT_LINE 23 110 23 110
PAINT_LINE 23 111 23 111
PAINT_LINE 23 112 23 112
PAINT_LINE 23 113 23 113
PAINT_LINE 23 114 23 114
PAINT_LINE 23 115 23 115
PAINT_LINE 23 116 23 116
PAINT_LINE 23 140 23 140
PAINT_LINE 23 141 23 141
PAINT_LINE 23 142 23 142
PAINT_LINE 23 143 23 143
PAINT_LINE 23 144 23 144
PAINT_LINE 23 145 23 145
PAINT_LINE 23 146 23 146
PAINT_LINE 23 147 23 147
PAINT_LINE 23 148 23 148
PAINT_LINE 23 149 23 149
PAINT_LINE 23 156 23 156
PAINT_LINE 23 157 23 157
PAINT_LINE 23 158 23 158
PAINT_LINE 23 159 23 159
PAINT_LINE 23 160 23 160
PAINT_LINE 23 161 23 161
PAINT_LINE 23 162 23 162
PAINT_LINE 23 163 23 163
PAINT_LINE 23 164 23 164
PAINT_LINE 23 165 23 165
PAINT_LINE 23 166 23 166
PAINT_LINE 24 10 24 10
PAINT_LINE 24 11 24 11
PAINT_LINE 24 12 24 12
PAINT_LINE 24 13 24 13
PAINT_LINE 24 14 24 14
PAINT_LINE 24 15 24 15
PAINT_LINE 24 16 24 16
PAINT_LINE 24 17 24 17
PAINT_LINE 24 18 24 18
PAINT_LINE 24 19 24 19
PAINT_LINE 24 20 24 20
PAINT_LINE 24 21 24 21
PAINT_LINE 24 22 24 22
PAINT_LINE 24 23 24 23
PAINT_LINE 24 24 24 24
PAINT_LINE 24 25 24 25
PAINT_LINE 24 26 24 26
PAINT_LINE 24 27 24 27
PAINT_LINE 24 28 24 28
PAINT_LINE 24 29 24 29
PAINT_LINE 24 30 24 30
PAINT_LINE 24 31 24 31
PAINT_LINE 24 32 24 32
PAINT_LINE 24 33 24 33
PAINT_LINE 24 34 24 34
PAINT_LINE 24 35 24 35
PAINT_LINE 24 36 24 36
PAINT_LINE 24 37 24 37
PAINT_LINE 24 38 24 38
PAINT_LINE 24 39 24 39
PAINT_LINE 24 40 24 40
PAINT_LINE 24 41 24 41
PAINT_LINE 24 42 24 42
PAINT_LINE 24 43 24 43
PAINT_LINE 24 63 24 63
PAINT_LINE 24 64 24 64
PAINT_LINE 24 65 24 65
PAINT_LINE 24 66 24 66
PAINT_LINE 24 67 24 67
PAINT_LINE 24 68 24 68
PAINT_LINE 24 69 24 69
PAINT_LINE 24 70 24 70
PAINT_LINE 24 71 24 71
PAINT_LINE 24 72 24 72
PAINT_LINE 24 73 24 73
PAINT_LINE 24 74 24 74
PAINT_LINE 24 75 24 75
PAINT_LINE 24 76 24 76
PAINT_LINE 24 77 24 77
PAINT_LINE 24 78 24 78
PAINT_LINE 24 79 24 79
PAINT_LINE 24 80 24 80
PAINT_LINE 24 81 24 81
PAINT_LINE 24 82 24 82
PAINT_LINE 24 83 24 83
PAINT_LINE 24 84 24 84
PAINT_LINE 24 85 24 85
PAINT_LINE 24 86 24 86
PAINT_LINE 24 87 24 87
PAINT_LINE 24 96 24 96
PAINT_LINE 24 97 24 97
PAINT_LINE 24 98 24 98
PAINT_LINE 24 99 24 99
PAINT_LINE 24 100 24 100
PAINT_LINE 24 101 24 101
PAINT_LINE 24 102 24 102
PAINT_LINE 24 103 24 103
PAINT_LINE 24 104 24 104
PAINT_LINE 24 105 24 105
PAINT_LINE 24 106 24 106
PAINT_LINE 24 107 24 107
PAINT_LINE 24 108 24 108
PAINT_LINE 24 109 24 109
PAINT_LINE 24 110 24 110
PAINT_LINE 24 111 24 111
PAINT_LINE 24 112 24 112
PAINT_LINE 24 113 24 113
PAINT_LINE 24 114 24 114
PAINT_LINE 24 115 24 115
PAINT_LINE 24 140 24 140
PAINT_LINE 24 141 24 141
PAINT_LINE 24 142 24 142
PAINT_LINE 24 143 24 143
PAINT_LINE 24 144 24 144
PAINT_LINE 24 145 24 145
PAINT_LINE 24 146 24 146
PAINT_LINE 24 147 24 147
PAINT_LINE 24 148 24 148
PAINT_LINE 24 149 24 149
PAINT_LINE 24 156 24 156
PAINT_LINE 24 157 24 157
PAINT_LINE 24 158 24 158
PAINT_LINE 24 159 24 159
PAINT_LINE 24 160 24 160
PAINT_LINE 24 161 24 161
PAINT_LINE 24 162 24 162
PAINT_LINE 24 163 24 163
PAINT_LINE 24 164 24 164
PAINT_LINE 24 165 24 165
PAINT_LINE 24 166 24 166
PAINT_LINE 25 4 25 4
PAINT_LINE 25 5 25 5
PAINT_LINE 25 6 25 6
PAINT_LINE 25 7 25 7
PAINT_LINE 25 8 25 8
PAINT_LINE 25 9 25 9
PAINT_LINE 25 10 25 10
PAINT_LINE 25 11 25 11
PAINT_LINE 25 12 25 12
PAINT_LINE 25 13 25 13
PAINT_LINE 25 14 25 14
PAINT_LINE 25 15 25 15
PAINT_LINE 25 16 25 16
PAINT_LINE 25 17 25 17
PAINT_LINE 25 18 25 18
PAINT_LINE 25 19 25 19
PAINT_LINE 25 20 25 20
PAINT_LINE 25 21 25 21
PAINT_LINE 25 22 25 22
PAINT_LINE 25 23 25 23
PAINT_LINE 25 24 25 24
PAINT_LINE 25 25 25 25
PAINT_LINE 25 26 25 26
PAINT_LINE 25 27 25 27
PAINT_LINE 25 28 25 28
PAINT_LINE 25 29 25 29
PAINT_LINE 25 30 25 30
PAINT_LINE 25 31 25 31
PAINT_LINE 25 32 25 32
PAINT_LINE 25 33 25 33
PAINT_LINE 25 34 25 34
PAINT_LINE 25 35 25 35
PAINT_LINE 25 36 25 36
PAINT_LINE 25 37 25 37
PAINT_LINE 25 38 25 38
PAINT_LINE 25 39 25 39
PAINT_LINE 25 40 25 40
PAINT_LINE 25 41 25 41
PAINT_LINE 25 42 25 42
PAINT_LINE 25 43 25 43
PAINT_LINE 25 44 25 44
PAINT_LINE 25 45 25 45
PAINT_LINE 25 46 25 46
PAINT_LINE 25 47 25 47
PAINT_LINE 25 48 25 48
PAINT_LINE 25 49 25 49
PAINT_LINE 25 50 25 50
PAINT_LINE 25 51 25 51
PAINT_LINE 25 52 25 52
PAINT_LINE 25 53 25 53
PAINT_LINE 25 54 25 54
PAINT_LINE 25 55 25 55
PAINT_LINE 25 56 25 56
PAINT_LINE 25 57 25 57
PAINT_LINE 25 58 25 58
PAINT_LINE 25 59 25 59
PAINT_LINE 25 60 25 60
PAINT_LINE 25 61 25 61
PAINT_LINE 25 62 25 62
PAINT_LINE 25 63 25 63
PAINT_LINE 25 109 25 109
PAINT_LINE 25 110 25 110
PAINT_LINE 25 111 25 111
PAINT_LINE 25 112 25 112
PAINT_LINE 25 123 25 123
PAINT_LINE 25 124 25 124
PAINT_LINE 25 125 25 125
PAINT_LINE 25 126 25 126
PAINT_LINE 25 127 25 127
PAINT_LINE 25 128 25 128
PAINT_LINE 25 129 25 129
PAINT_LINE 25 130 25 130
PAINT_LINE 25 131 25 131
PAINT_LINE 25 132 25 132
PAINT_LINE 25 133 25 133
PAINT_LINE 25 134 25 134
PAINT_LINE 25 135 25 135
PAINT_LINE 25 136 25 136
PAINT_LINE 25 137 25 137
PAINT_LINE 25 138 25 138
PAINT_LINE 25 139 25 139
PAINT_LINE 25 140 25 140
PAINT_LINE 25 141 25 141
PAINT_LINE 25 142 25 142
PAINT_LINE 25 143 25 143
PAINT_LINE 25 144 25 144
PAINT_LINE 25 145 25 145
PAINT_LINE 25 146 25 146
PAINT_LINE 25 147 25 147
PAINT_LINE 25 148 25 148
PAINT_LINE 25 149 25 149
PAINT_LINE 25 173 25 173
PAINT_LINE 25 174 25 174
PAINT_LINE 25 175 25 175
PAINT_LINE 25 176 25 176
PAINT_LINE 25 177 25 177
PAINT_LINE 25 178 25 178
PAINT_LINE 25 179 25 179
PAINT_LINE 25 180 25 180
PAINT_LINE 25 181 25 181
PAINT_LINE 25 182 25 182
PAINT_LINE 25 183 25 183
PAINT_LINE 25 184 25 184
PAINT_LINE 25 185 25 185
PAINT_LINE 25 186 25 186
PAINT_LINE 25 187 25 187
PAINT_LINE 25 188 25 188
PAINT_LINE 25 189 25 189
PAINT_LINE 25 190 25 190
PAINT_LINE 25 191 25 191
PAINT_LINE 26 4 26 4
PAINT_LINE 26 5 26 5
PAINT_LINE 26 6 26 6
PAINT_LINE 26 7 26 7
PAINT_LINE 26 8 26 8
PAINT_LINE 26 9 26 9
PAINT_LINE 26 10 26 10
PAINT_LINE 26 11 26 11
PAINT_LINE 26 12 26 12
PAINT_LINE 26 13 26 13
PAINT_LINE 26 14 26 14
PAINT_LINE 26 15 26 15
PAINT_LINE 26 16 26 16
PAINT_LINE 26 17 26 17
PAINT_LINE 26 18 26 18
PAINT_LINE 26 19 26 19
PAINT_LINE 26 20 26 20
PAINT_LINE 26 21 26 21
PAINT_LINE 26 22 26 22
PAINT_LINE 26 23 26 23
PAINT_LINE 26 24 26 24
PAINT_LINE 26 25 26 25
PAINT_LINE 26 26 26 26
PAINT_LINE 26 27 26 27
PAINT_LINE 26 28 26 28
PAINT_LINE 26 29 26 29
PAINT_LINE 26 30 26 30
PAINT_LINE 26 31 26 31
PAINT_LINE 26 32 26 32
PAINT_LINE 26 33 26 33
PAINT_LINE 26 34 26 34
PAINT_LINE 26 35 26 35
PAINT_LINE 26 36 26 36
PAINT_LINE 26 37 26 37
PAINT_LINE 26 38 26 38
PAINT_LINE 26 39 26 39
PAINT_LINE 26 40 26 40
PAINT_LINE 26 41 26 41
PAINT_LINE 26 42 26 42
PAINT_LINE 26 43 26 43
PAINT_LINE 26 44 26 44
PAINT_LINE 26 45 26 45
PAINT_LINE 26 46 26 46
PAINT_LINE 26 47 26 47
PAINT_LINE 26 48 26 48
PAINT_LINE 26 49 26 49
PAINT_LINE 26 50 26 50
PAINT_LINE 26 51 26 51
PAINT_LINE 26 52 26 52
PAINT_LINE 26 53 26 53
PAINT_LINE 26 54 26 54
PAINT_LINE 26 55 26 55
PAINT_LINE 26 56 26 56
PAINT_LINE 26 57 26 57
PAINT_LINE 26 58 26 58
PAINT_LINE 26 59 26 59
PAINT_LINE 26 60 26 60
PAINT_LINE 26 61 26 61
PAINT_LINE 26 62 26 62
PAINT_LINE 26 63 26 63
PAINT_LINE 26 109 26 109
PAINT_LINE 26 110 26 110
PAINT_LINE 26 111 26 111
PAINT_LINE 26 112 26 112
PAINT_LINE 26 123 26 123
PAINT_LINE 26 124 26 124
PAINT_LINE 26 125 26 125
PAINT_LINE 26 126 26 126
PAINT_LINE 26 127 26 127
PAINT_LINE 26 128 26 128
PAINT_LINE 26 129 26 129
PAINT_LINE 26 130 26 130
PAINT_LINE 26 131 26 131
PAINT_LINE 26 132 26 132
PAINT_LINE 26 133 26 133
PAINT_LINE 26 134 26 134
PAINT_LINE 26 135 26 135
PAINT_LINE 26 136 26 136
PAINT_LINE 26 137 26 137
PAINT_LINE 26 138 26 138
PAINT_LINE 26 139 26 139
PAINT_LINE 26 140 26 140
PAINT_LINE 26 141 26 141
PAINT_LINE 26 142 26 142
PAINT_LINE 26 143 26 143
PAINT_LINE 26 144 26 144
PAINT_LINE 26 145 26 145
PAINT_LINE 26 146 26 146
PAINT_LINE 26 147 26 147
PAINT_LINE 26 148 26 148
PAINT_LINE 26 149 26 149
PAINT_LINE 26 173 26 173
PAINT_LINE 26 174 26 174
PAINT_LINE 26 175 26 175
PAINT_LINE 26 176 26 176
PAINT_LINE 26 177 26 177
PAINT_LINE 26 178 26 178
PAINT_LINE 26 179 26 179
PAINT_LINE 26 180 26 180
PAINT_LINE 26 181 26 181
PAINT_LINE 26 182 26 182
PAINT_LINE 26 183 26 183
PAINT_LINE 26 184 26 184
PAINT_LINE 26 185 26 185
PAINT_LINE 26 186 26 186
PAINT_LINE 26 187 26 187
PAINT_LINE 26 188 26 188
PAINT_LINE 26 189 26 189
PAINT_LINE 26 190 26 190
PAINT_LINE 26 191 26 191
PAINT_LINE 27 20 27 20
PAINT_LINE 27 21 27 21
PAINT_LINE 27 22 27 22
PAINT_LINE 27 23 27 23
PAINT_LINE 27 24 27 24
PAINT_LINE 27 25 27 25
PAINT_LINE 27 26 27 26
PAINT_LINE 27 27 27 27
PAINT_LINE 27 28 27 28
PAINT_LINE 27 29 27 29
PAINT_LINE 27 30 27 30
PAINT_LINE 27 31 27 31
PAINT_LINE 27 32 27 32
PAINT_LINE 27 33 27 33
PAINT_LINE 27 34 27 34
PAINT_LINE 27 35 27 35
PAINT_LINE 27 36 27 36
PAINT_LINE 27 37 27 37
PAINT_LINE 27 38 27 38
PAINT_LINE 27 39 27 39
PAINT_LINE 27 40 27 40
PAINT_LINE 27 41 27 41
PAINT_LINE 27 42 27 42
PAINT_LINE 27 43 27 43
PAINT_LINE 27 44 27 44
PAINT_LINE 27 45 27 45
PAINT_LINE 27 46 27 46
PAINT_LINE 27 47 27 47
PAINT_LINE 27 48 27 48
PAINT_LINE 27 49 27 49
PAINT_LINE 27 50 27 50
PAINT_LINE 27 51 27 51
PAINT_LINE 27 52 27 52
PAINT_LINE 27 53 27 53
PAINT_LINE 27 54 27 54
PAINT_LINE 27 55 27 55
PAINT_LINE 27 56 27 56
PAINT_LINE 27 57 27 57
PAINT_LINE 27 58 27 58
PAINT_LINE 27 59 27 59
PAINT_LINE 27 60 27 60
PAINT_LINE 27 61 27 61
PAINT_LINE 27 62 27 62
PAINT_LINE 27 63 27 63
PAINT_LINE 27 105 27 105
PAINT_LINE 27 106 27 106
PAINT_LINE 27 107 27 107
PAINT_LINE 27 108 27 108
PAINT_LINE 27 109 27 109
PAINT_LINE 27 110 27 110
PAINT_LINE 27 111 27 111
PAINT_LINE 27 112 27 112
PAINT_LINE 27 123 27 123
PAINT_LINE 27 124 27 124
PAINT_LINE 27 125 27 125
PAINT_LINE 27 126 27 126
PAINT_LINE 27 127 27 127
PAINT_LINE 27 128 27 128
PAINT_LINE 27 129 27 129
PAINT_LINE 27 130 27 130
PAINT_LINE 27 131 27 131
PAINT_LINE 27 132 27 132
PAINT_LINE 27 133 27 133
PAINT_LINE 27 134 27 134
PAINT_LINE 27 135 27 135
PAINT_LINE 27 136 27 136
PAINT_LINE 27 137 27 137
PAINT_LINE 27 138 27 138
PAINT_LINE 27 139 27 139
PAINT_LINE 27 140 27 140
PAINT_LINE 27 141 27 141
PAINT_LINE 27 142 27 142
PAINT_LINE 27 143 27 143
PAINT_LINE 27 144 27 144
PAINT_LINE 27 145 27 145
PAINT_LINE 27 146 27 146
PAINT_LINE 27 147 27 147
PAINT_LINE 27 148 27 148
PAINT_LINE 27 149 27 149
PAINT_LINE 27 173 27 173
PAINT_LINE 27 174 27 174
PAINT_LINE 27 175 27 175
PAINT_LINE 27 176 27 176
PAINT_LINE 27 177 27 177
PAINT_LINE 27 178 27 178
PAINT_LINE 27 179 27 179
PAINT_LINE 27 180 27 180
PAINT_LINE 27 181 27 181
PAINT_LINE 27 182 27 182
PAINT_LINE 27 183 27 183
PAINT_LINE 27 184 27 184
PAINT_LINE 27 185 27 185
PAINT_LINE 27 186 27 186
PAINT_LINE 27 187 27 187
PAINT_LINE 27 188 27 188
PAINT_LINE 27 189 27 189
PAINT_LINE 27 190 27 190
PAINT_LINE 27 191 27 191
PAINT_LINE 28 21 28 21
PAINT_LINE 28 22 28 22
PAINT_LINE 28 23 28 23
PAINT_LINE 28 24 28 24
PAINT_LINE 28 25 28 25
PAINT_LINE 28 26 28 26
PAINT_LINE 28 27 28 27
PAINT_LINE 28 28 28 28
PAINT_LINE 28 29 28 29
PAINT_LINE 28 30 28 30
PAINT_LINE 28 31 28 31
PAINT_LINE 28 32 28 32
PAINT_LINE 28 33 28 33
PAINT_LINE 28 34 28 34
PAINT_LINE 28 35 28 35
PAINT_LINE 28 36 28 36
PAINT_LINE 28 37 28 37
PAINT_LINE 28 38 28 38
PAINT_LINE 28 39 28 39
PAINT_LINE 28 40 28 40
PAINT_LINE 28 41 28 41
PAINT_LINE 28 42 28 42
PAINT_LINE 28 43 28 43
PAINT_LINE 28 44 28 44
PAINT_LINE 28 45 28 45
PAINT_LINE 28 46 28 46
PAINT_LINE 28 47 28 47
PAINT_LINE 28 48 28 48
PAINT_LINE 28 49 28 49
PAINT_LINE 28 50 28 50
PAINT_LINE 28 51 28 51
PAINT_LINE 28 52 28 52
PAINT_LINE 28 53 28 53
PAINT_LINE 28 54 28 54
PAINT_LINE 28 55 28 55
PAINT_LINE 28 56 28 56
PAINT_LINE 28 57 28 57
PAINT_LINE 28 58 28 58
PAINT_LINE 28 59 28 59
PAINT_LINE 28 60 28 60
PAINT_LINE 28 61 28 61
PAINT_LINE 28 62 28 62
PAINT_LINE 28 63 28 63
PAINT_LINE 28 105 28 105
PAINT_LINE 28 106 28 106
PAINT_LINE 28 107 28 107
PAINT_LINE 28 108 28 108
PAINT_LINE 28 109 28 109
PAINT_LINE 28 110 28 110
PAINT_LINE 28 111 28 111
PAINT_LINE 28 112 28 112
PAINT_LINE 28 123 28 123
PAINT_LINE 28 124 28 124
PAINT_LINE 28 125 28 125
PAINT_LINE 28 126 28 126
PAINT_LINE 28 127 28 127
PAINT_LINE 28 128 28 128
PAINT_LINE 28 129 28 129
PAINT_LINE 28 130 28 130
PAINT_LINE 28 131 28 131
PAINT_LINE 28 132 28 132
PAINT_LINE 28 133 28 133
PAINT_LINE 28 134 28 134
PAINT_LINE 28 135 28 135
PAINT_LINE 28 136 28 136
PAINT_LINE 28 137 28 137
PAINT_LINE 28 138 28 138
PAINT_LINE 28 139 28 139
PAINT_LINE 28 140 28 140
PAINT_LINE 28 141 28 141
PAINT_LINE 28 142 28 142
PAINT_LINE 28 143 28 143
PAINT_LINE 28 144 28 144
PAINT_LINE 28 145 28 145
PAINT_LINE 28 146 28 146
PAINT_LINE 28 147 28 147
PAINT_LINE 28 148 28 148
PAINT_LINE 28 149 28 149
PAINT_LINE 28 173 28 173
PAINT_LINE 28 174 28 174
PAINT_LINE 28 175 28 175
PAINT_LINE 28 176 28 176
PAINT_LINE 28 177 28 177
PAINT_LINE 28 178 28 178
PAINT_LINE 28 179 28 179
PAINT_LINE 28 180 28 180
PAINT_LINE 28 181 28 181
PAINT_LINE 28 182 28 182
PAINT_LINE 28 183 28 183
PAINT_LINE 28 184 28 184
PAINT_LINE 28 185 28 185
PAINT_LINE 28 186 28 186
PAINT_LINE 28 187 28 187
PAINT_LINE 28 188 28 188
PAINT_LINE 28 189 28 189
PAINT_LINE 28 190 28 190
PAINT_LINE 28 191 28 191
PAINT_LINE 29 21 29 21
PAINT_LINE 29 22 29 22
PAINT_LINE 29 23 29 23
PAINT_LINE 29 24 29 24
PAINT_LINE 29 25 29 25
PAINT_LINE 29 26 29 26
PAINT_LINE 29 27 29 27
PAINT_LINE 29 28 29 28
PAINT_LINE 29 29 29 29
PAINT_LINE 29 30 29 30
PAINT_LINE 29 31 29 31
PAINT_LINE 29 32 29 32
PAINT_LINE 29 33 29 33
PAINT_LINE 29 34 29 34
PAINT_LINE 29 35 29 35
PAINT_LINE 29 36 29 36
PAINT_LINE 29 37 29 37
PAINT_LINE 29 38 29 38
PAINT_LINE 29 39 29 39
PAINT_LINE 29 40 29 40
PAINT_LINE 29 41 29 41
PAINT_LINE 29 42 29 42
PAINT_LINE 29 43 29 43
PAINT_LINE 29 44 29 44
PAINT_LINE 29 45 29 45
PAINT_LINE 29 46 29 46
PAINT_LINE 29 47 29 47
PAINT_LINE 29 48 29 48
PAINT_LINE 29 49 29 49
PAINT_LINE 29 50 29 50
PAINT_LINE 29 51 29 51
PAINT_LINE 29 52 29 52
PAINT_LINE 29 53 29 53
PAINT_LINE 29 54 29 54
PAINT_LINE 29 55 29 55
PAINT_LINE 29 56 29 56
PAINT_LINE 29 57 29 57
PAINT_LINE 29 58 29 58
PAINT_LINE 29 59 29 59
PAINT_LINE 29 60 29 60
PAINT_LINE 29 61 29 61
PAINT_LINE 29 62 29 62
PAINT_LINE 29 63 29 63
PAINT_LINE 29 113 29 113
PAINT_LINE 29 114 29 114
PAINT_LINE 29 115 29 115
PAINT_LINE 29 116 29 116
PAINT_LINE 29 123 29 123
PAINT_LINE 29 124 29 124
PAINT_LINE 29 125 29 125
PAINT_LINE 29 126 29 126
PAINT_LINE 29 127 29 127
PAINT_LINE 29 128 29 128
PAINT_LINE 29 129 29 129
PAINT_LINE 29 130 29 130
PAINT_LINE 29 131 29 131
PAINT_LINE 29 132 29 132
PAINT_LINE 29 133 29 133
PAINT_LINE 29 134 29 134
PAINT_LINE 29 135 29 135
PAINT_LINE 29 136 29 136
PAINT_LINE 29 137 29 137
PAINT_LINE 29 138 29 138
PAINT_LINE 29 139 29 139
PAINT_LINE 29 140 29 140
PAINT_LINE 29 141 29 141
PAINT_LINE 29 142 29 142
PAINT_LINE 29 143 29 143
PAINT_LINE 29 144 29 144
PAINT_LINE 29 145 29 145
PAINT_LINE 29 146 29 146
PAINT_LINE 29 147 29 147
PAINT_LINE 29 148 29 148
PAINT_LINE 29 149 29 149
PAINT_LINE 29 169 29 169
PAINT_LINE 29 170 29 170
PAINT_LINE 29 171 29 171
PAINT_LINE 29 172 29 172
PAINT_LINE 29 173 29 173
PAINT_LINE 29 174 29 174
PAINT_LINE 29 175 29 175
PAINT_LINE 29 176 29 176
PAINT_LINE 29 177 29 177
PAINT_LINE 29 178 29 178
PAINT_LINE 29 179 29 179
PAINT_LINE 29 180 29 180
PAINT_LINE 29 181 29 181
PAINT_LINE 29 182 29 182
PAINT_LINE 29 183 29 183
PAINT_LINE 29 184 29 184
PAINT_LINE 29 185 29 185
PAINT_LINE 29 186 29 186
PAINT_LINE 29 187 29 187
PAINT_LINE 29 188 29 188
PAINT_LINE 29 189 29 189
PAINT_LINE 29 190 29 190
PAINT_LINE 30 21 30 21
PAINT_LINE 30 22 30 22
PAINT_LINE 30 23 30 23
PAINT_LINE 30 24 30 24
PAINT_LINE 30 25 30 25
PAINT_LINE 30 26 30 26
PAINT_LINE 30 27 30 27
PAINT_LINE 30 28 30 28
PAINT_LINE 30 29 30 29
PAINT_LINE 30 30 30 30
PAINT_LINE 30 31 30 31
PAINT_LINE 30 32 30 32
PAINT_LINE 30 33 30 33
PAINT_LINE 30 34 30 34
PAINT_LINE 30 35 30 35
PAINT_LINE 30 36 30 36
PAINT_LINE 30 37 30 37
PAINT_LINE 30 38 30 38
PAINT_LINE 30 39 30 39
PAINT_LINE 30 40 30 40
PAINT_LINE 30 41 30 41
PAINT_LINE 30 42 30 42
PAINT_LINE 30 43 30 43
PAINT_LINE 30 44 30 44
PAINT_LINE 30 45 30 45
PAINT_LINE 30 46 30 46
PAINT_LINE 30 47 30 47
PAINT_LINE 30 48 30 48
PAINT_LINE 30 49 30 49
PAINT_LINE 30 50 30 50
PAINT_LINE 30 51 30 51
PAINT_LINE 30 52 30 52
PAINT_LINE 30 53 30 53
PAINT_LINE 30 54 30 54
PAINT_LINE 30 55 30 55
PAINT_LINE 30 56 30 56
PAINT_LINE 30 57 30 57
PAINT_LINE 30 58 30 58
PAINT_LINE 30 59 30 59
PAINT_LINE 30 60 30 60
PAINT_LINE 30 61 30 61
PAINT_LINE 30 62 30 62
PAINT_LINE 30 63 30 63
PAINT_LINE 30 113 30 113
PAINT_LINE 30 114 30 114
PAINT_LINE 30 115 30 115
PAINT_LINE 30 116 30 116
PAINT_LINE 30 169 30 169
PAINT_LINE 30 170 30 170
PAINT_LINE 30 171 30 171
PAINT_LINE 30 172 30 172
PAINT_LINE 31 21 31 21
PAINT_LINE 31 22 31 22
PAINT_LINE 31 23 31 23
PAINT_LINE 31 24 31 24
PAINT_LINE 31 25 31 25
PAINT_LINE 31 26 31 26
PAINT_LINE 31 27 31 27
PAINT_LINE 31 28 31 28
PAINT_LINE 31 29 31 29
PAINT_LINE 31 30 31 30
PAINT_LINE 31 31 31 31
PAINT_LINE 31 32 31 32
PAINT_LINE 31 33 31 33
PAINT_LINE 31 34 31 34
PAINT_LINE 31 35 31 35
PAINT_LINE 31 36 31 36
PAINT_LINE 31 37 31 37
PAINT_LINE 31 38 31 38
PAINT_LINE 31 39 31 39
PAINT_LINE 31 40 31 40
PAINT_LINE 31 41 31 41
PAINT_LINE 31 42 31 42
PAINT_LINE 31 43 31 43
PAINT_LINE 31 44 31 44
PAINT_LINE 31 45 31 45
PAINT_LINE 31 46 31 46
PAINT_LINE 31 47 31 47
PAINT_LINE 31 48 31 48
PAINT_LINE 31 49 31 49
PAINT_LINE 31 50 31 50
PAINT_LINE 31 51 31 51
PAINT_LINE 31 52 31 52
PAINT_LINE 31 53 31 53
PAINT_LINE 31 54 31 54
PAINT_LINE 31 55 31 55
PAINT_LINE 31 56 31 56
PAINT_LINE 31 57 31 57
PAINT_LINE 31 58 31 58
PAINT_LINE 31 59 31 59
PAINT_LINE 31 60 31 60
PAINT_LINE 31 61 31 61
PAINT_LINE 31 62 31 62
PAINT_LINE 31 63 31 63
PAINT_LINE 31 113 31 113
PAINT_LINE 31 114 31 114
PAINT_LINE 31 115 31 115
PAINT_LINE 31 116 31 116
PAINT_LINE 31 169 31 169
PAINT_LINE 31 170 31 170
PAINT_LINE 31 171 31 171
PAINT_LINE 31 172 31 172
PAINT_LINE 32 113 32 113
PAINT_LINE 32 114 32 114
PAINT_LINE 32 115 32 115
PAINT_LINE 32 116 32 116
PAINT_LINE 32 169 32 169
PAINT_LINE 32 170 32 170
PAINT_LINE 32 171 32 171
PAINT_LINE 32 172 32 172
PAINT_LINE 33 169 33 169
PAINT_LINE 33 170 33 170
PAINT_LINE 33 171 33 171
PAINT_LINE 33 172 33 172
PAINT_LINE 33 173 33 173
PAINT_LINE 34 169 34 169
PAINT_LINE 34 170 34 170
PAINT_LINE 34 171 34 171
PAINT_LINE 34 172 34 172
PAINT_LINE 34 173 34 173
PAINT_LINE 35 169 35 169
PAINT_LINE 35 170 35 170
PAINT_LINE 35 171 35 171
PAINT_LINE 35 172 35 172
PAINT_LINE 36 169 36 169
PAINT_LINE 36 170 36 170
PAINT_LINE 36 171 36 171
PAINT_LINE 36 172 36 172